Copyright 1986-2018 Xilinx, Inc. All Rights Reserved.
-------------------------------------------------------------------------------------------
| Tool Version : Vivado v.2018.1 (win64) Build 2188600 Wed Apr  4 18:40:38 MDT 2018
| Date         : Tue Jun 11 00:02:26 2024
| Host         : LAPTOP-G5K3UH8C running 64-bit major release  (build 9200)
| Command      : report_control_sets -verbose -file System_wrapper_control_sets_placed.rpt
| Design       : System_wrapper
| Device       : xc7z010
-------------------------------------------------------------------------------------------

Control Set Information

Table of Contents
-----------------
1. Summary
2. Histogram
3. Flip-Flop Distribution
4. Detailed Control Set Information

1. Summary
----------

+----------------------------------------------------------+-------+
|                          Status                          | Count |
+----------------------------------------------------------+-------+
| Number of unique control sets                            |    41 |
| Unused register locations in slices containing registers |    59 |
+----------------------------------------------------------+-------+


2. Histogram
------------

+--------+--------------+
| Fanout | Control Sets |
+--------+--------------+
|      2 |            1 |
|      4 |            5 |
|      6 |            1 |
|      8 |           17 |
|     12 |            1 |
|     13 |            1 |
|     14 |            2 |
|    16+ |           13 |
+--------+--------------+


3. Flip-Flop Distribution
-------------------------

+--------------+-----------------------+------------------------+-----------------+--------------+
| Clock Enable | Synchronous Set/Reset | Asynchronous Set/Reset | Total Registers | Total Slices |
+--------------+-----------------------+------------------------+-----------------+--------------+
| No           | No                    | No                     |            1069 |          269 |
| No           | No                    | Yes                    |               0 |            0 |
| No           | Yes                   | No                     |              84 |           32 |
| Yes          | No                    | No                     |             294 |           73 |
| Yes          | No                    | Yes                    |               0 |            0 |
| Yes          | Yes                   | No                     |             150 |           48 |
+--------------+-----------------------+------------------------+-----------------+--------------+


4. Detailed Control Set Information
-----------------------------------

+-----------------------------------------------+--------------------------------------------------------------------------------------------------------------------------------------------------------------+------------------------------------------------------------------------------------------------------------------------------------------+------------------+----------------+
|                  Clock Signal                 |                                                                         Enable Signal                                                                        |                                                             Set/Reset Signal                                                             | Slice Load Count | Bel Load Count |
+-----------------------------------------------+--------------------------------------------------------------------------------------------------------------------------------------------------------------+------------------------------------------------------------------------------------------------------------------------------------------+------------------+----------------+
|  System_i/processing_system7_0/inst/FCLK_CLK0 | System_i/ps7_0_axi_periph/s00_couplers/auto_pc/inst/gen_axilite.gen_b2s_conv.axilite_b2s/WR.b_channel_0/bid_fifo_0/bresp_push                                |                                                                                                                                          |                1 |              2 |
|  System_i/processing_system7_0/inst/FCLK_CLK0 |                                                                                                                                                              | System_i/ps7_0_axi_periph/s00_couplers/auto_pc/inst/gen_axilite.gen_b2s_conv.axilite_b2s/SI_REG/ar.ar_pipe/m_valid_i_reg_0               |                4 |              4 |
|  System_i/processing_system7_0/inst/FCLK_CLK0 |                                                                                                                                                              | System_i/ps7_0_axi_periph/s00_couplers/auto_pc/inst/gen_axilite.gen_b2s_conv.axilite_b2s/SI_REG/aw.aw_pipe/s_ready_i_reg_0               |                4 |              4 |
|  System_i/processing_system7_0/inst/FCLK_CLK0 |                                                                                                                                                              | System_i/rst_ps7_0_100M/U0/EXT_LPF/lpf_int                                                                                               |                3 |              4 |
|  System_i/processing_system7_0/inst/FCLK_CLK0 | System_i/ps7_0_axi_periph/s00_couplers/auto_pc/inst/gen_axilite.gen_b2s_conv.axilite_b2s/WR.aw_channel_0/aw_cmd_fsm_0/axaddr_wrap_reg[11][0]                 | System_i/ps7_0_axi_periph/s00_couplers/auto_pc/inst/gen_axilite.gen_b2s_conv.axilite_b2s/WR.aw_channel_0/aw_cmd_fsm_0/axlen_cnt_reg[7]_1 |                2 |              4 |
|  System_i/processing_system7_0/inst/FCLK_CLK0 | System_i/ps7_0_axi_periph/s00_couplers/auto_pc/inst/gen_axilite.gen_b2s_conv.axilite_b2s/RD.ar_channel_0/ar_cmd_fsm_0/E[0]                                   | System_i/ps7_0_axi_periph/s00_couplers/auto_pc/inst/gen_axilite.gen_b2s_conv.axilite_b2s/RD.ar_channel_0/ar_cmd_fsm_0/axlen_cnt_reg[7]   |                2 |              4 |
|  System_i/processing_system7_0/inst/FCLK_CLK0 | System_i/rst_ps7_0_100M/U0/SEQ/seq_cnt_en                                                                                                                    | System_i/rst_ps7_0_100M/U0/SEQ/SEQ_COUNTER/clear                                                                                         |                1 |              6 |
|  System_i/processing_system7_0/inst/FCLK_CLK0 | System_i/Cordic_ip_0/inst/Cordic_ip_v1_0_S_AXI_inst/slv_reg0[31]_i_1_n_0                                                                                     | System_i/Cordic_ip_0/inst/Cordic_ip_v1_0_S_AXI_inst/axi_awready_i_1_n_0                                                                  |                3 |              8 |
|  System_i/processing_system7_0/inst/FCLK_CLK0 | System_i/Cordic_ip_0/inst/Cordic_ip_v1_0_S_AXI_inst/slv_reg0[7]_i_1_n_0                                                                                      | System_i/Cordic_ip_0/inst/Cordic_ip_v1_0_S_AXI_inst/axi_awready_i_1_n_0                                                                  |                2 |              8 |
|  System_i/processing_system7_0/inst/FCLK_CLK0 | System_i/Cordic_ip_0/inst/Cordic_ip_v1_0_S_AXI_inst/slv_reg2[7]_i_1_n_0                                                                                      | System_i/Cordic_ip_0/inst/Cordic_ip_v1_0_S_AXI_inst/axi_awready_i_1_n_0                                                                  |                3 |              8 |
|  System_i/processing_system7_0/inst/FCLK_CLK0 | System_i/Cordic_ip_0/inst/Cordic_ip_v1_0_S_AXI_inst/slv_reg0[15]_i_1_n_0                                                                                     | System_i/Cordic_ip_0/inst/Cordic_ip_v1_0_S_AXI_inst/axi_awready_i_1_n_0                                                                  |                3 |              8 |
|  System_i/processing_system7_0/inst/FCLK_CLK0 | System_i/Cordic_ip_0/inst/Cordic_ip_v1_0_S_AXI_inst/slv_reg0[23]_i_1_n_0                                                                                     | System_i/Cordic_ip_0/inst/Cordic_ip_v1_0_S_AXI_inst/axi_awready_i_1_n_0                                                                  |                1 |              8 |
|  System_i/processing_system7_0/inst/FCLK_CLK0 | System_i/ps7_0_axi_periph/s00_couplers/auto_pc/inst/gen_axilite.gen_b2s_conv.axilite_b2s/WR.aw_channel_0/aw_cmd_fsm_0/E[0]                                   |                                                                                                                                          |                3 |              8 |
|  System_i/processing_system7_0/inst/FCLK_CLK0 | System_i/Cordic_ip_0/inst/Cordic_ip_v1_0_S_AXI_inst/slv_reg1[15]_i_1_n_0                                                                                     | System_i/Cordic_ip_0/inst/Cordic_ip_v1_0_S_AXI_inst/axi_awready_i_1_n_0                                                                  |                2 |              8 |
|  System_i/processing_system7_0/inst/FCLK_CLK0 | System_i/Cordic_ip_0/inst/Cordic_ip_v1_0_S_AXI_inst/slv_reg1[23]_i_1_n_0                                                                                     | System_i/Cordic_ip_0/inst/Cordic_ip_v1_0_S_AXI_inst/axi_awready_i_1_n_0                                                                  |                1 |              8 |
|  System_i/processing_system7_0/inst/FCLK_CLK0 | System_i/Cordic_ip_0/inst/Cordic_ip_v1_0_S_AXI_inst/slv_reg1[31]_i_1_n_0                                                                                     | System_i/Cordic_ip_0/inst/Cordic_ip_v1_0_S_AXI_inst/axi_awready_i_1_n_0                                                                  |                4 |              8 |
|  System_i/processing_system7_0/inst/FCLK_CLK0 | System_i/Cordic_ip_0/inst/Cordic_ip_v1_0_S_AXI_inst/slv_reg1[7]_i_1_n_0                                                                                      | System_i/Cordic_ip_0/inst/Cordic_ip_v1_0_S_AXI_inst/axi_awready_i_1_n_0                                                                  |                3 |              8 |
|  System_i/processing_system7_0/inst/FCLK_CLK0 | System_i/Cordic_ip_0/inst/Cordic_ip_v1_0_S_AXI_inst/slv_reg2[15]_i_1_n_0                                                                                     | System_i/Cordic_ip_0/inst/Cordic_ip_v1_0_S_AXI_inst/axi_awready_i_1_n_0                                                                  |                3 |              8 |
|  System_i/processing_system7_0/inst/FCLK_CLK0 | System_i/Cordic_ip_0/inst/Cordic_ip_v1_0_S_AXI_inst/slv_reg2[23]_i_1_n_0                                                                                     | System_i/Cordic_ip_0/inst/Cordic_ip_v1_0_S_AXI_inst/axi_awready_i_1_n_0                                                                  |                1 |              8 |
|  System_i/processing_system7_0/inst/FCLK_CLK0 | System_i/Cordic_ip_0/inst/Cordic_ip_v1_0_S_AXI_inst/slv_reg2[31]_i_1_n_0                                                                                     | System_i/Cordic_ip_0/inst/Cordic_ip_v1_0_S_AXI_inst/axi_awready_i_1_n_0                                                                  |                3 |              8 |
|  System_i/processing_system7_0/inst/FCLK_CLK0 | System_i/ps7_0_axi_periph/s00_couplers/auto_pc/inst/gen_axilite.gen_b2s_conv.axilite_b2s/WR.b_channel_0/mhandshake_r                                         | System_i/ps7_0_axi_periph/s00_couplers/auto_pc/inst/gen_axilite.gen_b2s_conv.axilite_b2s/WR.b_channel_0/bid_fifo_0/SR[0]                 |                2 |              8 |
|  System_i/processing_system7_0/inst/FCLK_CLK0 | System_i/ps7_0_axi_periph/s00_couplers/auto_pc/inst/gen_axilite.gen_b2s_conv.axilite_b2s/RD.ar_channel_0/ar_cmd_fsm_0/axaddr_incr_reg[0][0]                  |                                                                                                                                          |                2 |              8 |
|  System_i/processing_system7_0/inst/FCLK_CLK0 | System_i/ps7_0_axi_periph/s00_couplers/auto_pc/inst/gen_axilite.gen_b2s_conv.axilite_b2s/RD.ar_channel_0/ar_cmd_fsm_0/wrap_boundary_axaddr_r_reg[11][0]      |                                                                                                                                          |                4 |              8 |
|  System_i/processing_system7_0/inst/FCLK_CLK0 | System_i/ps7_0_axi_periph/s00_couplers/auto_pc/inst/gen_axilite.gen_b2s_conv.axilite_b2s/WR.aw_channel_0/cmd_translator_0/incr_cmd_0/axaddr_incr[11]_i_1_n_0 |                                                                                                                                          |                2 |              8 |
|  System_i/processing_system7_0/inst/FCLK_CLK0 |                                                                                                                                                              | System_i/Cordic_ip_0/inst/Cordic_ip_v1_0_S_AXI_inst/axi_awready_i_1_n_0                                                                  |                5 |             12 |
|  System_i/processing_system7_0/inst/FCLK_CLK0 | System_i/ps7_0_axi_periph/s00_couplers/auto_pc/inst/gen_axilite.gen_b2s_conv.axilite_b2s/RD.r_channel_0/r_push_r                                             |                                                                                                                                          |                4 |             13 |
|  System_i/processing_system7_0/inst/FCLK_CLK0 | System_i/ps7_0_axi_periph/s00_couplers/auto_pc/inst/gen_axilite.gen_b2s_conv.axilite_b2s/SI_REG/b.b_pipe/skid_buffer_reg[0]_0                                |                                                                                                                                          |                4 |             14 |
|  System_i/processing_system7_0/inst/FCLK_CLK0 | System_i/ps7_0_axi_periph/s00_couplers/auto_pc/inst/gen_axilite.gen_b2s_conv.axilite_b2s/SI_REG/b.b_pipe/p_1_in                                              |                                                                                                                                          |                2 |             14 |
|  System_i/processing_system7_0/inst/FCLK_CLK0 | System_i/ps7_0_axi_periph/s00_couplers/auto_pc/inst/gen_axilite.gen_b2s_conv.axilite_b2s/WR.aw_channel_0/aw_cmd_fsm_0/axaddr_wrap_reg[11][0]                 |                                                                                                                                          |                6 |             16 |
|  System_i/processing_system7_0/inst/FCLK_CLK0 | System_i/ps7_0_axi_periph/s00_couplers/auto_pc/inst/gen_axilite.gen_b2s_conv.axilite_b2s/WR.aw_channel_0/aw_cmd_fsm_0/b_push                                 |                                                                                                                                          |                3 |             16 |
|  System_i/processing_system7_0/inst/FCLK_CLK0 | System_i/ps7_0_axi_periph/s00_couplers/auto_pc/inst/gen_axilite.gen_b2s_conv.axilite_b2s/RD.ar_channel_0/ar_cmd_fsm_0/E[0]                                   |                                                                                                                                          |                7 |             16 |
|  System_i/processing_system7_0/inst/FCLK_CLK0 | System_i/ps7_0_axi_periph/s00_couplers/auto_pc/inst/gen_axilite.gen_b2s_conv.axilite_b2s/SI_REG/ar.ar_pipe/s_axi_arready                                     |                                                                                                                                          |                7 |             28 |
|  System_i/processing_system7_0/inst/FCLK_CLK0 | System_i/ps7_0_axi_periph/s00_couplers/auto_pc/inst/gen_axilite.gen_b2s_conv.axilite_b2s/SI_REG/aw.aw_pipe/s_axi_awready                                     |                                                                                                                                          |                5 |             28 |
|  System_i/processing_system7_0/inst/FCLK_CLK0 | System_i/ps7_0_axi_periph/s00_couplers/auto_pc/inst/gen_axilite.gen_b2s_conv.axilite_b2s/WR.aw_channel_0/aw_cmd_fsm_0/m_payload_i_reg[0][0]                  |                                                                                                                                          |                7 |             28 |
|  System_i/processing_system7_0/inst/FCLK_CLK0 | System_i/ps7_0_axi_periph/s00_couplers/auto_pc/inst/gen_axilite.gen_b2s_conv.axilite_b2s/RD.ar_channel_0/ar_cmd_fsm_0/m_payload_i_reg[0]_1[0]                |                                                                                                                                          |                7 |             28 |
|  System_i/processing_system7_0/inst/FCLK_CLK0 | System_i/ps7_0_axi_periph/s00_couplers/auto_pc/inst/gen_axilite.gen_b2s_conv.axilite_b2s/RD.r_channel_0/rd_data_fifo_0/wr_en0                                |                                                                                                                                          |                8 |             32 |
|  System_i/processing_system7_0/inst/FCLK_CLK0 | System_i/Cordic_ip_0/inst/Cordic_ip_v1_0_S_AXI_inst/slv_reg_rden__0                                                                                          | System_i/Cordic_ip_0/inst/Cordic_ip_v1_0_S_AXI_inst/axi_awready_i_1_n_0                                                                  |               12 |             32 |
|  System_i/processing_system7_0/inst/FCLK_CLK0 | System_i/ps7_0_axi_periph/s00_couplers/auto_pc/inst/gen_axilite.gen_b2s_conv.axilite_b2s/SI_REG/r.r_pipe/p_1_in                                              |                                                                                                                                          |                8 |             45 |
|  System_i/processing_system7_0/inst/FCLK_CLK0 | System_i/ps7_0_axi_periph/s00_couplers/auto_pc/inst/gen_axilite.gen_b2s_conv.axilite_b2s/SI_REG/r.r_pipe/skid_buffer_reg[0]_0                                |                                                                                                                                          |                9 |             45 |
|  System_i/processing_system7_0/inst/FCLK_CLK0 |                                                                                                                                                              | System_i/ps7_0_axi_periph/s00_couplers/auto_pc/inst/gen_axilite.gen_b2s_conv.axilite_b2s/areset_d1                                       |               16 |             60 |
|  System_i/processing_system7_0/inst/FCLK_CLK0 |                                                                                                                                                              |                                                                                                                                          |              270 |           1070 |
+-----------------------------------------------+--------------------------------------------------------------------------------------------------------------------------------------------------------------+------------------------------------------------------------------------------------------------------------------------------------------+------------------+----------------+


