20:21:01 INFO  : Registering command handlers for SDK TCF services
20:21:01 INFO  : Launching XSCT server: xsct.bat -interactive C:\Users\ktzam\Downloads\CIRCUITOS_LOGICO\20042024\IP_CORE\IP_CORE.sdk\temp_xsdb_launch_script.tcl
20:21:03 INFO  : XSCT server has started successfully.
20:21:04 INFO  : Successfully done setting XSCT server connection channel  
20:21:04 INFO  : Successfully done setting SDK workspace  
20:21:04 INFO  : Processing command line option -hwspec C:/Users/ktzam/Downloads/CIRCUITOS_LOGICO/20042024/IP_CORE/IP_CORE.sdk/System_wrapper.hdf.
17:50:57 INFO  : Launching XSCT server: xsct.bat -interactive C:\Users\ktzam\Downloads\CIRCUITOS_LOGICO\20042024\IP_CORE\IP_CORE.sdk\temp_xsdb_launch_script.tcl
17:51:00 INFO  : XSCT server has started successfully.
17:51:07 INFO  : Successfully done setting XSCT server connection channel  
17:51:07 INFO  : Successfully done setting SDK workspace  
17:51:09 INFO  : Registering command handlers for SDK TCF services
17:51:11 INFO  : Processing command line option -hwspec C:/Users/ktzam/Downloads/CIRCUITOS_LOGICO/20042024/IP_CORE/IP_CORE.sdk/System_wrapper.hdf.
17:51:11 INFO  : Checking for hwspec changes in the project System_wrapper_hw_platform_0.
20:20:37 INFO  : Connected to target on host 'lseserver.ddns.net' and port '3121'.
20:22:25 INFO  : Connected through redirection to target on host 'lseserver.ddns.net' and port '3121'.
20:22:26 WARN  : SDK version '2018.1' doesn't match hw_server version '2023.2'. Some debug features may not work.
20:22:38 INFO  : Jtag cable 'Digilent Arty Z7 003017A4C81CA' is selected.
20:22:38 INFO  : 'jtag frequency' command is executed.
20:22:38 INFO  : Sourcing of 'C:/Users/ktzam/Downloads/CIRCUITOS_LOGICO/20042024/IP_CORE/IP_CORE.sdk/System_wrapper_hw_platform_0/ps7_init.tcl' is done.
20:22:39 INFO  : 'targets -set -filter {jtag_cable_name =~ "Digilent Arty Z7 003017A4C81CA" && level==0} -index 1' command is executed.
20:23:05 INFO  : FPGA configured successfully with bitstream "C:/Users/ktzam/Downloads/CIRCUITOS_LOGICO/20042024/IP_CORE/IP_CORE.sdk/System_wrapper_hw_platform_0/System_wrapper.bit"
20:23:08 ERROR : no targets found with "name =~"APU*" && jtag_cable_name =~ "Digilent Arty Z7 003017A4C81CA"". available targets:
  1  DAP (AHB AP transaction error, DAP status 0x30000021)
  2* xc7z010
  3  APU
     4  ARM Cortex-A9 MPCore #0 (Suspended)
     5  ARM Cortex-A9 MPCore #1 (Suspended)
  6  xc7z010
     7  Legacy Debug Hub
20:23:08 INFO  : ----------------XSDB Script----------------
connect -path [list tcp::1534 tcp:lseserver.ddns.net:3121]
source C:/Users/ktzam/Downloads/CIRCUITOS_LOGICO/20042024/IP_CORE/IP_CORE.sdk/System_wrapper_hw_platform_0/ps7_init.tcl
targets -set -filter {jtag_cable_name =~ "Digilent Arty Z7 003017A4C81CA" && level==0} -index 1
fpga -file C:/Users/ktzam/Downloads/CIRCUITOS_LOGICO/20042024/IP_CORE/IP_CORE.sdk/System_wrapper_hw_platform_0/System_wrapper.bit
targets -set -nocase -filter {name =~"APU*" && jtag_cable_name =~ "Digilent Arty Z7 003017A4C81CA"} -index 0
----------------End of Script----------------

20:36:41 INFO  : Connected through redirection to target on host 'lseserver.ddns.net' and port '3121'.
20:36:41 WARN  : SDK version '2018.1' doesn't match hw_server version '2023.2'. Some debug features may not work.
20:36:42 INFO  : Jtag cable 'Digilent Arty Z7 003017A4C81CA' is selected.
20:36:42 INFO  : 'jtag frequency' command is executed.
20:36:42 INFO  : Sourcing of 'C:/Users/ktzam/Downloads/CIRCUITOS_LOGICO/20042024/IP_CORE/IP_CORE.sdk/System_wrapper_hw_platform_0/ps7_init.tcl' is done.
20:36:42 INFO  : 'targets -set -filter {jtag_cable_name =~ "Digilent Arty Z7 003017A4C81CA" && level==0} -index 1' command is executed.
20:37:10 INFO  : FPGA configured successfully with bitstream "C:/Users/ktzam/Downloads/CIRCUITOS_LOGICO/20042024/IP_CORE/IP_CORE.sdk/System_wrapper_hw_platform_0/System_wrapper.bit"
20:37:14 ERROR : no targets found with "name =~"APU*" && jtag_cable_name =~ "Digilent Arty Z7 003017A4C81CA"". available targets:
  1  DAP (AHB AP transaction error, DAP status 0x30000021)
  2* xc7z010
  3  APU
     4  ARM Cortex-A9 MPCore #0 (Suspended)
     5  ARM Cortex-A9 MPCore #1 (Suspended)
  6  xc7z010
     7  Legacy Debug Hub
20:37:14 INFO  : ----------------XSDB Script----------------
connect -path [list tcp::1534 tcp:lseserver.ddns.net:3121]
source C:/Users/ktzam/Downloads/CIRCUITOS_LOGICO/20042024/IP_CORE/IP_CORE.sdk/System_wrapper_hw_platform_0/ps7_init.tcl
targets -set -filter {jtag_cable_name =~ "Digilent Arty Z7 003017A4C81CA" && level==0} -index 1
fpga -file C:/Users/ktzam/Downloads/CIRCUITOS_LOGICO/20042024/IP_CORE/IP_CORE.sdk/System_wrapper_hw_platform_0/System_wrapper.bit
targets -set -nocase -filter {name =~"APU*" && jtag_cable_name =~ "Digilent Arty Z7 003017A4C81CA"} -index 0
----------------End of Script----------------

20:39:40 INFO  : Connected to target on host 'lseserver.ddns.net' and port '3121'.
20:40:28 INFO  : Connected through redirection to target on host 'lseserver.ddns.net' and port '3121'.
20:40:28 WARN  : SDK version '2018.1' doesn't match hw_server version '2023.2'. Some debug features may not work.
20:40:28 INFO  : Jtag cable 'Digilent Arty Z7 003017A4C81CA' is selected.
20:40:29 INFO  : 'jtag frequency' command is executed.
20:40:29 INFO  : Sourcing of 'C:/Users/ktzam/Downloads/CIRCUITOS_LOGICO/20042024/IP_CORE/IP_CORE.sdk/System_wrapper_hw_platform_0/ps7_init.tcl' is done.
20:40:29 INFO  : 'targets -set -filter {jtag_cable_name =~ "Digilent Arty Z7 003017A4C81CA" && level==0} -index 1' command is executed.
20:40:54 INFO  : FPGA configured successfully with bitstream "C:/Users/ktzam/Downloads/CIRCUITOS_LOGICO/20042024/IP_CORE/IP_CORE.sdk/System_wrapper_hw_platform_0/System_wrapper.bit"
20:40:57 ERROR : no targets found with "name =~"APU*" && jtag_cable_name =~ "Digilent Arty Z7 003017A4C81CA"". available targets:
  1  DAP (AHB AP transaction error, DAP status 0x30000021)
  2* xc7z010
  3  APU
     4  ARM Cortex-A9 MPCore #0 (Suspended)
     5  ARM Cortex-A9 MPCore #1 (Suspended)
  6  xc7z010
     7  Legacy Debug Hub
20:40:57 INFO  : ----------------XSDB Script----------------
connect -path [list tcp::1534 tcp:lseserver.ddns.net:3121]
source C:/Users/ktzam/Downloads/CIRCUITOS_LOGICO/20042024/IP_CORE/IP_CORE.sdk/System_wrapper_hw_platform_0/ps7_init.tcl
targets -set -filter {jtag_cable_name =~ "Digilent Arty Z7 003017A4C81CA" && level==0} -index 1
fpga -file C:/Users/ktzam/Downloads/CIRCUITOS_LOGICO/20042024/IP_CORE/IP_CORE.sdk/System_wrapper_hw_platform_0/System_wrapper.bit
targets -set -nocase -filter {name =~"APU*" && jtag_cable_name =~ "Digilent Arty Z7 003017A4C81CA"} -index 0
----------------End of Script----------------

20:42:22 INFO  : Registering command handlers for SDK TCF services
20:42:23 INFO  : Launching XSCT server: xsct.bat -interactive C:\Users\ktzam\Downloads\CIRCUITOS_LOGICO\20042024\IP_CORE\IP_CORE.sdk\temp_xsdb_launch_script.tcl
20:42:26 INFO  : XSCT server has started successfully.
20:42:29 INFO  : Successfully done setting XSCT server connection channel  
20:42:29 INFO  : Successfully done setting SDK workspace  
20:42:29 INFO  : Processing command line option -hwspec C:/Users/ktzam/Downloads/CIRCUITOS_LOGICO/20042024/IP_CORE/IP_CORE.sdk/System_wrapper.hdf.
20:42:29 INFO  : Checking for hwspec changes in the project System_wrapper_hw_platform_0.
20:43:34 INFO  : Connected through redirection to target on host 'lseserver.ddns.net' and port '3121'.
20:43:36 WARN  : SDK version '2018.1' doesn't match hw_server version '2023.2'. Some debug features may not work.
20:43:36 INFO  : Jtag cable 'Digilent Arty Z7 003017A4C81CA' is selected.
20:43:36 INFO  : 'jtag frequency' command is executed.
20:43:36 INFO  : Sourcing of 'C:/Users/ktzam/Downloads/CIRCUITOS_LOGICO/20042024/IP_CORE/IP_CORE.sdk/System_wrapper_hw_platform_0/ps7_init.tcl' is done.
20:43:38 INFO  : 'targets -set -filter {jtag_cable_name =~ "Digilent Arty Z7 003017A4C81CA" && level==0} -index 1' command is executed.
20:44:02 INFO  : FPGA configured successfully with bitstream "C:/Users/ktzam/Downloads/CIRCUITOS_LOGICO/20042024/IP_CORE/IP_CORE.sdk/System_wrapper_hw_platform_0/System_wrapper.bit"
20:44:06 ERROR : no targets found with "name =~"APU*" && jtag_cable_name =~ "Digilent Arty Z7 003017A4C81CA"". available targets:
  1  DAP (AHB AP transaction error, DAP status 0x30000021)
  2* xc7z010
  3  APU
     4  ARM Cortex-A9 MPCore #0 (Suspended)
     5  ARM Cortex-A9 MPCore #1 (Suspended)
  6  xc7z010
     7  Legacy Debug Hub
20:44:06 INFO  : ----------------XSDB Script----------------
connect -path [list tcp::1534 tcp:lseserver.ddns.net:3121]
source C:/Users/ktzam/Downloads/CIRCUITOS_LOGICO/20042024/IP_CORE/IP_CORE.sdk/System_wrapper_hw_platform_0/ps7_init.tcl
targets -set -filter {jtag_cable_name =~ "Digilent Arty Z7 003017A4C81CA" && level==0} -index 1
fpga -file C:/Users/ktzam/Downloads/CIRCUITOS_LOGICO/20042024/IP_CORE/IP_CORE.sdk/System_wrapper_hw_platform_0/System_wrapper.bit
targets -set -nocase -filter {name =~"APU*" && jtag_cable_name =~ "Digilent Arty Z7 003017A4C81CA"} -index 0
----------------End of Script----------------

20:50:52 INFO  : Connected through redirection to target on host 'lseserver.ddns.net' and port '3121'.
20:50:52 WARN  : SDK version '2018.1' doesn't match hw_server version '2023.2'. Some debug features may not work.
20:50:52 INFO  : Jtag cable 'Digilent Arty Z7 003017A4C81CA' is selected.
20:50:52 INFO  : 'jtag frequency' command is executed.
20:50:52 INFO  : Sourcing of 'C:/Users/ktzam/Downloads/CIRCUITOS_LOGICO/20042024/IP_CORE/IP_CORE.sdk/System_wrapper_hw_platform_0/ps7_init.tcl' is done.
20:50:53 INFO  : 'targets -set -filter {jtag_cable_name =~ "Digilent Arty Z7 003017A4C81CA" && level==0} -index 1' command is executed.
20:51:17 INFO  : FPGA configured successfully with bitstream "C:/Users/ktzam/Downloads/CIRCUITOS_LOGICO/20042024/IP_CORE/IP_CORE.sdk/System_wrapper_hw_platform_0/System_wrapper.bit"
20:51:20 ERROR : no targets found with "name =~"APU*" && jtag_cable_name =~ "Digilent Arty Z7 003017A4C81CA"". available targets:
  1  DAP (AHB AP transaction error, DAP status 0x30000021)
  2* xc7z010
  3  APU
     4  ARM Cortex-A9 MPCore #0 (Suspended)
     5  ARM Cortex-A9 MPCore #1 (Suspended)
  6  xc7z010
     7  Legacy Debug Hub
20:51:20 INFO  : ----------------XSDB Script----------------
connect -path [list tcp::1534 tcp:lseserver.ddns.net:3121]
source C:/Users/ktzam/Downloads/CIRCUITOS_LOGICO/20042024/IP_CORE/IP_CORE.sdk/System_wrapper_hw_platform_0/ps7_init.tcl
targets -set -filter {jtag_cable_name =~ "Digilent Arty Z7 003017A4C81CA" && level==0} -index 1
fpga -file C:/Users/ktzam/Downloads/CIRCUITOS_LOGICO/20042024/IP_CORE/IP_CORE.sdk/System_wrapper_hw_platform_0/System_wrapper.bit
targets -set -nocase -filter {name =~"APU*" && jtag_cable_name =~ "Digilent Arty Z7 003017A4C81CA"} -index 0
----------------End of Script----------------

21:30:51 INFO  : Connected to target on host 'lseserver.ddns.net' and port '3121'.
21:31:20 INFO  : Connected to target on host 'lseserver.ddns.net' and port '3121'.
21:32:26 INFO  : Connected through redirection to target on host 'lseserver.ddns.net' and port '3121'.
21:32:28 WARN  : SDK version '2018.1' doesn't match hw_server version '2023.2'. Some debug features may not work.
21:32:28 INFO  : Jtag cable 'Digilent Arty Z7 003017A4C81CA' is selected.
21:32:28 INFO  : 'jtag frequency' command is executed.
21:32:28 INFO  : Sourcing of 'C:/Users/ktzam/Downloads/CIRCUITOS_LOGICO/20042024/IP_CORE/IP_CORE.sdk/System_wrapper_hw_platform_0/ps7_init.tcl' is done.
21:32:29 INFO  : 'targets -set -filter {jtag_cable_name =~ "Digilent Arty Z7 003017A4C81CA" && level==0} -index 1' command is executed.
21:32:54 INFO  : FPGA configured successfully with bitstream "C:/Users/ktzam/Downloads/CIRCUITOS_LOGICO/20042024/IP_CORE/IP_CORE.sdk/System_wrapper_hw_platform_0/System_wrapper.bit"
21:32:58 ERROR : no targets found with "name =~"APU*" && jtag_cable_name =~ "Digilent Arty Z7 003017A4C81CA"". available targets:
  1  DAP (AHB AP transaction error, DAP status 0x30000021)
  2* xc7z010
  3  APU
     4  ARM Cortex-A9 MPCore #0 (Running)
     5  ARM Cortex-A9 MPCore #1 (Suspended)
  6  xc7z010
21:32:58 INFO  : ----------------XSDB Script----------------
connect -path [list tcp::1534 tcp:lseserver.ddns.net:3121]
source C:/Users/ktzam/Downloads/CIRCUITOS_LOGICO/20042024/IP_CORE/IP_CORE.sdk/System_wrapper_hw_platform_0/ps7_init.tcl
targets -set -filter {jtag_cable_name =~ "Digilent Arty Z7 003017A4C81CA" && level==0} -index 1
fpga -file C:/Users/ktzam/Downloads/CIRCUITOS_LOGICO/20042024/IP_CORE/IP_CORE.sdk/System_wrapper_hw_platform_0/System_wrapper.bit
targets -set -nocase -filter {name =~"APU*" && jtag_cable_name =~ "Digilent Arty Z7 003017A4C81CA"} -index 0
----------------End of Script----------------

21:33:44 INFO  : 'targets -set -filter {jtag_cable_name =~ "Digilent Arty Z7 003017A4C81CA" && level==0} -index 1' command is executed.
21:33:44 INFO  : 'fpga -state' command is executed.
21:33:44 INFO  : Connected through redirection to target on host 'lseserver.ddns.net' and port '3121'.
21:33:44 WARN  : SDK version '2018.1' doesn't match hw_server version '2023.2'. Some debug features may not work.
21:33:45 INFO  : Jtag cable 'Digilent Arty Z7 003017A4C81CA' is selected.
21:33:45 INFO  : 'jtag frequency' command is executed.
21:33:45 INFO  : Sourcing of 'C:/Users/ktzam/Downloads/CIRCUITOS_LOGICO/20042024/IP_CORE/IP_CORE.sdk/System_wrapper_hw_platform_0/ps7_init.tcl' is done.
21:33:48 ERROR : no targets found with "name =~"APU*" && jtag_cable_name =~ "Digilent Arty Z7 003017A4C81CA"". available targets:
  1  DAP (AHB AP transaction error, DAP status 0x30000021)
  2* xc7z010
  3  APU
     4  ARM Cortex-A9 MPCore #0 (Running)
     5  ARM Cortex-A9 MPCore #1 (Suspended)
  6  xc7z010
21:33:48 INFO  : ----------------XSDB Script----------------
connect -path [list tcp::1534 tcp:lseserver.ddns.net:3121]
source C:/Users/ktzam/Downloads/CIRCUITOS_LOGICO/20042024/IP_CORE/IP_CORE.sdk/System_wrapper_hw_platform_0/ps7_init.tcl
targets -set -nocase -filter {name =~"APU*" && jtag_cable_name =~ "Digilent Arty Z7 003017A4C81CA"} -index 0
----------------End of Script----------------

21:48:46 INFO  : Connected to target on host 'lseserver.ddns.net' and port '3121'.
21:49:01 INFO  : 'targets -set -filter {jtag_cable_name =~ "Digilent Arty Z7 003017A4C81CA" && level==0} -index 1' command is executed.
21:49:01 INFO  : 'fpga -state' command is executed.
21:49:01 INFO  : Connected through redirection to target on host 'lseserver.ddns.net' and port '3121'.
21:49:01 WARN  : SDK version '2018.1' doesn't match hw_server version '2023.2'. Some debug features may not work.
21:49:02 INFO  : Jtag cable 'Digilent Arty Z7 003017A4C81CA' is selected.
21:49:02 INFO  : 'jtag frequency' command is executed.
21:49:02 INFO  : Sourcing of 'C:/Users/ktzam/Downloads/CIRCUITOS_LOGICO/20042024/IP_CORE/IP_CORE.sdk/System_wrapper_hw_platform_0/ps7_init.tcl' is done.
21:49:05 ERROR : no targets found with "name =~"APU*" && jtag_cable_name =~ "Digilent Arty Z7 003017A4C81CA"". available targets:
  1  DAP (AHB AP transaction error, DAP status 0x30000021)
  2* xc7z010
  3  APU
     4  ARM Cortex-A9 MPCore #0 (Running)
     5  ARM Cortex-A9 MPCore #1 (Suspended)
  6  xc7z010
21:49:05 INFO  : ----------------XSDB Script----------------
connect -path [list tcp::1534 tcp:lseserver.ddns.net:3121]
source C:/Users/ktzam/Downloads/CIRCUITOS_LOGICO/20042024/IP_CORE/IP_CORE.sdk/System_wrapper_hw_platform_0/ps7_init.tcl
targets -set -nocase -filter {name =~"APU*" && jtag_cable_name =~ "Digilent Arty Z7 003017A4C81CA"} -index 0
----------------End of Script----------------

21:57:24 INFO  : Connected to target on host 'lseserver.ddns.net' and port '3121'.
21:59:27 INFO  : Connected to target on host 'lseserver.ddns.net' and port '3121'.
21:59:56 INFO  : Connected to target on host 'lseserver.ddns.net' and port '3121'.
21:59:58 INFO  : Jtag cable 'Digilent Arty Z7 003017A4C81CA' is selected.
21:59:58 INFO  : 'jtag frequency -list' command is executed.
21:59:59 INFO  : 'jtag frequency' command is executed.
22:00:32 INFO  : Connected to target on host 'lseserver.ddns.net' and port '3121'.
22:00:32 INFO  : 'targets -set -filter {jtag_cable_name =~ "Digilent Arty Z7 003017A4C81CA" && level==0} -index 1' command is executed.
22:00:55 INFO  : FPGA configured successfully with bitstream "C:/Users/ktzam/Downloads/CIRCUITOS_LOGICO/20042024/IP_CORE/IP_CORE.sdk/System_wrapper_hw_platform_0/System_wrapper.bit"
22:02:09 INFO  : Connected through redirection to target on host 'lseserver.ddns.net' and port '3121'.
22:02:09 WARN  : SDK version '2018.1' doesn't match hw_server version '2023.2'. Some debug features may not work.
22:02:10 INFO  : Jtag cable 'Digilent Arty Z7 003017A4C81CA' is selected.
22:02:10 INFO  : 'jtag frequency' command is executed.
22:02:10 INFO  : Sourcing of 'C:/Users/ktzam/Downloads/CIRCUITOS_LOGICO/20042024/IP_CORE/IP_CORE.sdk/System_wrapper_hw_platform_0/ps7_init.tcl' is done.
22:02:10 INFO  : 'targets -set -filter {jtag_cable_name =~ "Digilent Arty Z7 003017A4C81CA" && level==0} -index 1' command is executed.
22:02:48 INFO  : FPGA configured successfully with bitstream "C:/Users/ktzam/Downloads/CIRCUITOS_LOGICO/20042024/IP_CORE/IP_CORE.sdk/System_wrapper_hw_platform_0/System_wrapper.bit"
22:02:52 ERROR : no targets found with "name =~"APU*" && jtag_cable_name =~ "Digilent Arty Z7 003017A4C81CA"". available targets:
  1  DAP (AHB AP transaction error, DAP status 0x30000021)
  2* xc7z010
  3  APU
     4  ARM Cortex-A9 MPCore #0 (Running)
     5  ARM Cortex-A9 MPCore #1 (Suspended)
  6  xc7z010
22:02:52 INFO  : ----------------XSDB Script----------------
connect -path [list tcp::1534 tcp:lseserver.ddns.net:3121]
source C:/Users/ktzam/Downloads/CIRCUITOS_LOGICO/20042024/IP_CORE/IP_CORE.sdk/System_wrapper_hw_platform_0/ps7_init.tcl
targets -set -filter {jtag_cable_name =~ "Digilent Arty Z7 003017A4C81CA" && level==0} -index 1
fpga -file C:/Users/ktzam/Downloads/CIRCUITOS_LOGICO/20042024/IP_CORE/IP_CORE.sdk/System_wrapper_hw_platform_0/System_wrapper.bit
targets -set -nocase -filter {name =~"APU*" && jtag_cable_name =~ "Digilent Arty Z7 003017A4C81CA"} -index 0
----------------End of Script----------------

22:06:04 INFO  : Connected through redirection to target on host 'lseserver.ddns.net' and port '3121'.
22:06:04 WARN  : SDK version '2018.1' doesn't match hw_server version '2023.2'. Some debug features may not work.
22:06:04 INFO  : Jtag cable 'Digilent Arty Z7 003017A4C81CA' is selected.
22:06:04 INFO  : 'jtag frequency' command is executed.
22:06:04 INFO  : Sourcing of 'C:/Users/ktzam/Downloads/CIRCUITOS_LOGICO/20042024/IP_CORE/IP_CORE.sdk/System_wrapper_hw_platform_0/ps7_init.tcl' is done.
22:06:05 INFO  : 'targets -set -filter {jtag_cable_name =~ "Digilent Arty Z7 003017A4C81CA" && level==0} -index 1' command is executed.
22:06:30 INFO  : FPGA configured successfully with bitstream "C:/Users/ktzam/Downloads/CIRCUITOS_LOGICO/20042024/IP_CORE/IP_CORE.sdk/System_wrapper_hw_platform_0/System_wrapper.bit"
22:06:34 ERROR : no targets found with "name =~"APU*" && jtag_cable_name =~ "Digilent Arty Z7 003017A4C81CA"". available targets:
  1  DAP (AHB AP transaction error, DAP status 0x30000021)
  2* xc7z010
  3  APU
     4  ARM Cortex-A9 MPCore #0 (Running)
     5  ARM Cortex-A9 MPCore #1 (Suspended)
  6  xc7z010
22:06:34 INFO  : ----------------XSDB Script----------------
connect -path [list tcp::1534 tcp:lseserver.ddns.net:3121]
source C:/Users/ktzam/Downloads/CIRCUITOS_LOGICO/20042024/IP_CORE/IP_CORE.sdk/System_wrapper_hw_platform_0/ps7_init.tcl
targets -set -filter {jtag_cable_name =~ "Digilent Arty Z7 003017A4C81CA" && level==0} -index 1
fpga -file C:/Users/ktzam/Downloads/CIRCUITOS_LOGICO/20042024/IP_CORE/IP_CORE.sdk/System_wrapper_hw_platform_0/System_wrapper.bit
targets -set -nocase -filter {name =~"APU*" && jtag_cable_name =~ "Digilent Arty Z7 003017A4C81CA"} -index 0
----------------End of Script----------------

22:15:03 INFO  : Connected through redirection to target on host 'lseserver.ddns.net' and port '3121'.
22:15:05 WARN  : SDK version '2018.1' doesn't match hw_server version '2023.2'. Some debug features may not work.
22:15:05 INFO  : Jtag cable 'Digilent Arty Z7 003017A4C81CA' is selected.
22:15:05 INFO  : 'jtag frequency' command is executed.
22:15:05 INFO  : Sourcing of 'C:/Users/ktzam/Downloads/CIRCUITOS_LOGICO/20042024/IP_CORE/IP_CORE.sdk/System_wrapper_hw_platform_0/ps7_init.tcl' is done.
22:15:06 INFO  : 'targets -set -filter {jtag_cable_name =~ "Digilent Arty Z7 003017A4C81CA" && level==0} -index 1' command is executed.
22:15:32 INFO  : FPGA configured successfully with bitstream "C:/Users/ktzam/Downloads/CIRCUITOS_LOGICO/20042024/IP_CORE/IP_CORE.sdk/System_wrapper_hw_platform_0/System_wrapper.bit"
22:15:35 ERROR : no targets found with "name =~"APU*" && jtag_cable_name =~ "Digilent Arty Z7 003017A4C81CA"". available targets:
  1  DAP (AHB AP transaction error, DAP status 0x30000021)
  2* xc7z010
  3  APU
     4  ARM Cortex-A9 MPCore #0 (Suspended)
     5  ARM Cortex-A9 MPCore #1 (Suspended)
  6  xc7z010
     7  Legacy Debug Hub
22:15:35 INFO  : ----------------XSDB Script----------------
connect -path [list tcp::1534 tcp:lseserver.ddns.net:3121]
source C:/Users/ktzam/Downloads/CIRCUITOS_LOGICO/20042024/IP_CORE/IP_CORE.sdk/System_wrapper_hw_platform_0/ps7_init.tcl
targets -set -filter {jtag_cable_name =~ "Digilent Arty Z7 003017A4C81CA" && level==0} -index 1
fpga -file C:/Users/ktzam/Downloads/CIRCUITOS_LOGICO/20042024/IP_CORE/IP_CORE.sdk/System_wrapper_hw_platform_0/System_wrapper.bit
targets -set -nocase -filter {name =~"APU*" && jtag_cable_name =~ "Digilent Arty Z7 003017A4C81CA"} -index 0
----------------End of Script----------------

22:17:56 INFO  : Connected through redirection to target on host 'lseserver.ddns.net' and port '3121'.
22:17:58 WARN  : SDK version '2018.1' doesn't match hw_server version '2023.2'. Some debug features may not work.
22:17:58 INFO  : Jtag cable 'Digilent Arty Z7 003017A4C81CA' is selected.
22:17:58 INFO  : 'jtag frequency' command is executed.
22:17:58 INFO  : Sourcing of 'C:/Users/ktzam/Downloads/CIRCUITOS_LOGICO/20042024/IP_CORE/IP_CORE.sdk/System_wrapper_hw_platform_0/ps7_init.tcl' is done.
22:18:02 ERROR : no targets found with "name =~"APU*" && jtag_cable_name =~ "Digilent Arty Z7 003017A4C81CA"". available targets:
  1  DAP (AHB AP transaction error, DAP status 0x30000021)
  2* xc7z010
  3  APU
     4  ARM Cortex-A9 MPCore #0 (Suspended)
     5  ARM Cortex-A9 MPCore #1 (Suspended)
  6  xc7z010
     7  Legacy Debug Hub
22:18:02 INFO  : ----------------XSDB Script----------------
connect -path [list tcp::1534 tcp:lseserver.ddns.net:3121]
source C:/Users/ktzam/Downloads/CIRCUITOS_LOGICO/20042024/IP_CORE/IP_CORE.sdk/System_wrapper_hw_platform_0/ps7_init.tcl
targets -set -nocase -filter {name =~"APU*" && jtag_cable_name =~ "Digilent Arty Z7 003017A4C81CA"} -index 0
----------------End of Script----------------

22:20:13 INFO  : Connected through redirection to target on host 'lseserver.ddns.net' and port '3121'.
22:20:14 WARN  : SDK version '2018.1' doesn't match hw_server version '2023.2'. Some debug features may not work.
22:20:15 INFO  : Jtag cable 'Digilent Arty Z7 003017A4C81CA' is selected.
22:20:15 INFO  : 'jtag frequency' command is executed.
22:20:15 INFO  : Sourcing of 'C:/Users/ktzam/Downloads/CIRCUITOS_LOGICO/20042024/IP_CORE/IP_CORE.sdk/System_wrapper_hw_platform_0/ps7_init.tcl' is done.
22:20:15 INFO  : 'targets -set -filter {jtag_cable_name =~ "Digilent Arty Z7 003017A4C81CA" && level==0} -index 1' command is executed.
22:20:39 INFO  : FPGA configured successfully with bitstream "C:/Users/ktzam/Downloads/CIRCUITOS_LOGICO/20042024/IP_CORE/IP_CORE.sdk/System_wrapper_hw_platform_0/System_wrapper.bit"
22:20:43 ERROR : no targets found with "name =~"APU*" && jtag_cable_name =~ "Digilent Arty Z7 003017A4C81CA"". available targets:
  1  DAP (AHB AP transaction error, DAP status 0x30000021)
  2* xc7z010
  3  APU
     4  ARM Cortex-A9 MPCore #0 (Suspended)
     5  ARM Cortex-A9 MPCore #1 (Suspended)
  6  xc7z010
     7  Legacy Debug Hub
22:20:43 INFO  : ----------------XSDB Script----------------
connect -path [list tcp::1534 tcp:lseserver.ddns.net:3121]
source C:/Users/ktzam/Downloads/CIRCUITOS_LOGICO/20042024/IP_CORE/IP_CORE.sdk/System_wrapper_hw_platform_0/ps7_init.tcl
targets -set -filter {jtag_cable_name =~ "Digilent Arty Z7 003017A4C81CA" && level==0} -index 1
fpga -file C:/Users/ktzam/Downloads/CIRCUITOS_LOGICO/20042024/IP_CORE/IP_CORE.sdk/System_wrapper_hw_platform_0/System_wrapper.bit
targets -set -nocase -filter {name =~"APU*" && jtag_cable_name =~ "Digilent Arty Z7 003017A4C81CA"} -index 0
----------------End of Script----------------

22:22:41 INFO  : Connected to target on host 'lseserver.ddns.net' and port '3121'.
22:23:00 INFO  : Connected to target on host 'lseserver.ddns.net' and port '3121'.
22:23:02 INFO  : 'targets -set -filter {jtag_cable_name =~ "Digilent Arty Z7 003017A4C81CA" && level==0} -index 1' command is executed.
22:23:26 INFO  : FPGA configured successfully with bitstream "C:/Users/ktzam/Downloads/CIRCUITOS_LOGICO/20042024/IP_CORE/IP_CORE.sdk/System_wrapper_hw_platform_0/System_wrapper.bit"
22:26:20 INFO  : Connected to target on host 'lseserver.ddns.net' and port '3121'.
22:26:22 INFO  : 'targets -set -filter {jtag_cable_name =~ "Digilent Arty Z7 003017A4C81CA" && level==0} -index 1' command is executed.
22:26:53 INFO  : FPGA configured successfully with bitstream "C:/Users/ktzam/Downloads/CIRCUITOS_LOGICO/20042024/IP_CORE/IP_CORE.sdk/System_wrapper_hw_platform_0/System_wrapper.bit"
22:27:44 INFO  : Connected through redirection to target on host 'lseserver.ddns.net' and port '3121'.
22:27:45 WARN  : SDK version '2018.1' doesn't match hw_server version '2023.2'. Some debug features may not work.
22:27:45 INFO  : Jtag cable 'Digilent Arty Z7 003017A4C81CA' is selected.
22:27:45 INFO  : 'jtag frequency' command is executed.
22:27:45 INFO  : Sourcing of 'C:/Users/ktzam/Downloads/CIRCUITOS_LOGICO/20042024/IP_CORE/IP_CORE.sdk/System_wrapper_hw_platform_0/ps7_init.tcl' is done.
22:27:46 INFO  : 'targets -set -filter {jtag_cable_name =~ "Digilent Arty Z7 003017A4C81CA" && level==0} -index 1' command is executed.
22:28:12 INFO  : FPGA configured successfully with bitstream "C:/Users/ktzam/Downloads/CIRCUITOS_LOGICO/20042024/IP_CORE/IP_CORE.sdk/System_wrapper_hw_platform_0/System_wrapper.bit"
22:28:16 ERROR : no targets found with "name =~"APU*" && jtag_cable_name =~ "Digilent Arty Z7 003017A4C81CA"". available targets:
  1  DAP (AHB AP transaction error, DAP status 0x30000021)
  2* xc7z010
  3  APU
     4  ARM Cortex-A9 MPCore #0 (Suspended)
     5  ARM Cortex-A9 MPCore #1 (Suspended)
  6  xc7z010
     7  Legacy Debug Hub
22:28:16 INFO  : ----------------XSDB Script----------------
connect -path [list tcp::1534 tcp:lseserver.ddns.net:3121]
source C:/Users/ktzam/Downloads/CIRCUITOS_LOGICO/20042024/IP_CORE/IP_CORE.sdk/System_wrapper_hw_platform_0/ps7_init.tcl
targets -set -filter {jtag_cable_name =~ "Digilent Arty Z7 003017A4C81CA" && level==0} -index 1
fpga -file C:/Users/ktzam/Downloads/CIRCUITOS_LOGICO/20042024/IP_CORE/IP_CORE.sdk/System_wrapper_hw_platform_0/System_wrapper.bit
targets -set -nocase -filter {name =~"APU*" && jtag_cable_name =~ "Digilent Arty Z7 003017A4C81CA"} -index 0
----------------End of Script----------------

00:12:28 INFO  : Launching XSCT server: xsct.bat -interactive C:\Users\ktzam\Downloads\CIRCUITOS_LOGICO\20042024\IP_CORE\IP_CORE.sdk\temp_xsdb_launch_script.tcl
00:12:28 INFO  : Registering command handlers for SDK TCF services
00:12:31 INFO  : XSCT server has started successfully.
00:12:31 INFO  : Successfully done setting XSCT server connection channel  
00:12:34 INFO  : Successfully done setting SDK workspace  
00:12:34 INFO  : Processing command line option -hwspec C:/Users/ktzam/Downloads/CIRCUITOS_LOGICO/20042024/IP_CORE/IP_CORE.sdk/System_wrapper.hdf.
00:12:34 INFO  : Checking for hwspec changes in the project System_wrapper_hw_platform_0.
00:12:38 INFO  : SDK has detected change in the last modified timestamps for source hardware specification file Source:1718082672336,  Project:1717543653942
00:12:38 INFO  : The hardware specification for project 'System_wrapper_hw_platform_0' is different from C:/Users/ktzam/Downloads/CIRCUITOS_LOGICO/20042024/IP_CORE/IP_CORE.sdk/System_wrapper.hdf.
00:12:38 INFO  : Copied contents of C:/Users/ktzam/Downloads/CIRCUITOS_LOGICO/20042024/IP_CORE/IP_CORE.sdk/System_wrapper.hdf into \System_wrapper_hw_platform_0\system.hdf.
00:12:42 INFO  : Synchronizing projects in the workspace with the hardware platform specification changes.
00:12:45 INFO  : 
00:12:45 INFO  : Updating hardware inferred compiler options for Cordic_rotador.
00:12:45 INFO  : Clearing existing target manager status.
00:12:45 INFO  : Workspace synchronized with the new hardware specification file. Cleaning dependent projects...
00:12:48 WARN  : Linker script will not be updated automatically. Users need to update it manually.
00:23:32 INFO  : Connected through redirection to target on host 'lseserver.ddns.net' and port '3121'.
00:23:33 WARN  : SDK version '2018.1' doesn't match hw_server version '2023.2'. Some debug features may not work.
00:23:34 INFO  : Jtag cable 'Digilent Arty Z7 003017A4C81CA' is selected.
00:23:34 INFO  : 'jtag frequency' command is executed.
00:23:34 INFO  : Sourcing of 'C:/Users/ktzam/Downloads/CIRCUITOS_LOGICO/20042024/IP_CORE/IP_CORE.sdk/System_wrapper_hw_platform_0/ps7_init.tcl' is done.
00:23:35 INFO  : 'targets -set -filter {jtag_cable_name =~ "Digilent Arty Z7 003017A4C81CA" && level==0} -index 1' command is executed.
00:24:01 INFO  : FPGA configured successfully with bitstream "C:/Users/ktzam/Downloads/CIRCUITOS_LOGICO/20042024/IP_CORE/IP_CORE.sdk/System_wrapper_hw_platform_0/System_wrapper.bit"
00:24:04 ERROR : no targets found with "name =~"APU*" && jtag_cable_name =~ "Digilent Arty Z7 003017A4C81CA"". available targets:
  1  DAP (AHB AP transaction error, DAP status 0x30000021)
  2* xc7z010
  3  APU
     4  ARM Cortex-A9 MPCore #0 (Suspended)
     5  ARM Cortex-A9 MPCore #1 (Suspended)
  6  xc7z010
00:24:04 INFO  : ----------------XSDB Script----------------
connect -path [list tcp::1534 tcp:lseserver.ddns.net:3121]
source C:/Users/ktzam/Downloads/CIRCUITOS_LOGICO/20042024/IP_CORE/IP_CORE.sdk/System_wrapper_hw_platform_0/ps7_init.tcl
targets -set -filter {jtag_cable_name =~ "Digilent Arty Z7 003017A4C81CA" && level==0} -index 1
fpga -file C:/Users/ktzam/Downloads/CIRCUITOS_LOGICO/20042024/IP_CORE/IP_CORE.sdk/System_wrapper_hw_platform_0/System_wrapper.bit
targets -set -nocase -filter {name =~"APU*" && jtag_cable_name =~ "Digilent Arty Z7 003017A4C81CA"} -index 0
----------------End of Script----------------

08:17:43 INFO  : Launching XSCT server: xsct.bat -interactive C:\Users\ktzam\Downloads\CIRCUITOS_LOGICO\20042024\IP_CORE\IP_CORE.sdk\temp_xsdb_launch_script.tcl
08:17:43 INFO  : Registering command handlers for SDK TCF services
08:17:46 INFO  : XSCT server has started successfully.
08:17:49 INFO  : Successfully done setting XSCT server connection channel  
08:17:49 INFO  : Successfully done setting SDK workspace  
08:17:49 INFO  : Processing command line option -hwspec C:/Users/ktzam/Downloads/CIRCUITOS_LOGICO/20042024/IP_CORE/IP_CORE.sdk/System_wrapper.hdf.
08:17:49 INFO  : Checking for hwspec changes in the project System_wrapper_hw_platform_0.
08:18:39 INFO  : Connected through redirection to target on host 'lseserver.ddns.net' and port '3121'.
08:18:40 WARN  : SDK version '2018.1' doesn't match hw_server version '2023.2'. Some debug features may not work.
08:18:41 INFO  : Jtag cable 'Digilent Arty Z7 003017A4C81CA' is selected.
08:18:41 INFO  : 'jtag frequency' command is executed.
08:18:41 INFO  : Sourcing of 'C:/Users/ktzam/Downloads/CIRCUITOS_LOGICO/20042024/IP_CORE/IP_CORE.sdk/System_wrapper_hw_platform_0/ps7_init.tcl' is done.
08:18:43 INFO  : 'targets -set -filter {jtag_cable_name =~ "Digilent Arty Z7 003017A4C81CA" && level==0} -index 1' command is executed.
08:19:10 INFO  : FPGA configured successfully with bitstream "C:/Users/ktzam/Downloads/CIRCUITOS_LOGICO/20042024/IP_CORE/IP_CORE.sdk/System_wrapper_hw_platform_0/System_wrapper.bit"
08:19:12 INFO  : Context for 'APU' is selected.
08:19:13 INFO  : Hardware design information is loaded from 'C:/Users/ktzam/Downloads/CIRCUITOS_LOGICO/20042024/IP_CORE/IP_CORE.sdk/System_wrapper_hw_platform_0/system.hdf'.
08:19:13 INFO  : 'configparams force-mem-access 1' command is executed.
08:19:14 INFO  : Context for 'APU' is selected.
08:19:15 INFO  : 'stop' command is executed.
08:20:53 INFO  : 'ps7_init' command is executed.
08:20:55 INFO  : 'ps7_post_config' command is executed.
08:20:55 INFO  : Context for processor 'ps7_cortexa9_0' is selected.
08:20:57 INFO  : Processor reset is completed for 'ps7_cortexa9_0'.
08:20:57 INFO  : Context for processor 'ps7_cortexa9_0' is selected.
08:20:59 INFO  : The application 'C:/Users/ktzam/Downloads/CIRCUITOS_LOGICO/20042024/IP_CORE/IP_CORE.sdk/Cordic_rotador/Debug/Cordic_rotador.elf' is downloaded to processor 'ps7_cortexa9_0'.
08:20:59 INFO  : 'configparams force-mem-access 0' command is executed.
08:20:59 INFO  : ----------------XSDB Script----------------
connect -path [list tcp::1534 tcp:lseserver.ddns.net:3121]
source C:/Users/ktzam/Downloads/CIRCUITOS_LOGICO/20042024/IP_CORE/IP_CORE.sdk/System_wrapper_hw_platform_0/ps7_init.tcl
targets -set -filter {jtag_cable_name =~ "Digilent Arty Z7 003017A4C81CA" && level==0} -index 1
fpga -file C:/Users/ktzam/Downloads/CIRCUITOS_LOGICO/20042024/IP_CORE/IP_CORE.sdk/System_wrapper_hw_platform_0/System_wrapper.bit
targets -set -nocase -filter {name =~"APU*" && jtag_cable_name =~ "Digilent Arty Z7 003017A4C81CA"} -index 0
loadhw -hw C:/Users/ktzam/Downloads/CIRCUITOS_LOGICO/20042024/IP_CORE/IP_CORE.sdk/System_wrapper_hw_platform_0/system.hdf -mem-ranges [list {0x40000000 0xbfffffff}]
configparams force-mem-access 1
targets -set -nocase -filter {name =~"APU*" && jtag_cable_name =~ "Digilent Arty Z7 003017A4C81CA"} -index 0
stop
ps7_init
ps7_post_config
targets -set -nocase -filter {name =~ "ARM*#0" && jtag_cable_name =~ "Digilent Arty Z7 003017A4C81CA"} -index 0
rst -processor
targets -set -nocase -filter {name =~ "ARM*#0" && jtag_cable_name =~ "Digilent Arty Z7 003017A4C81CA"} -index 0
dow C:/Users/ktzam/Downloads/CIRCUITOS_LOGICO/20042024/IP_CORE/IP_CORE.sdk/Cordic_rotador/Debug/Cordic_rotador.elf
configparams force-mem-access 0
----------------End of Script----------------

08:21:01 INFO  : Memory regions updated for context APU
08:21:02 INFO  : Context for processor 'ps7_cortexa9_0' is selected.
08:21:02 INFO  : 'con' command is executed.
08:21:02 INFO  : ----------------XSDB Script (After Launch)----------------
targets -set -nocase -filter {name =~ "ARM*#0" && jtag_cable_name =~ "Digilent Arty Z7 003017A4C81CA"} -index 0
con
----------------End of Script----------------

08:21:02 INFO  : Launch script is exported to file 'C:\Users\ktzam\Downloads\CIRCUITOS_LOGICO\20042024\IP_CORE\IP_CORE.sdk\.sdk\launch_scripts\xilinx_c-c++_application_(system_debugger)\system_debugger_using_debug_cordic_rotador.elf_on_local.tcl'
08:27:42 INFO  : Disconnected from the channel tcfchan#1.
08:27:44 INFO  : Connected through redirection to target on host 'lseserver.ddns.net' and port '3121'.
08:27:45 WARN  : SDK version '2018.1' doesn't match hw_server version '2023.2'. Some debug features may not work.
08:27:45 INFO  : Jtag cable 'Digilent Arty Z7 003017A4C81CA' is selected.
08:27:46 INFO  : 'jtag frequency' command is executed.
08:27:46 INFO  : Sourcing of 'C:/Users/ktzam/Downloads/CIRCUITOS_LOGICO/20042024/IP_CORE/IP_CORE.sdk/System_wrapper_hw_platform_0/ps7_init.tcl' is done.
08:27:47 INFO  : 'targets -set -filter {jtag_cable_name =~ "Digilent Arty Z7 003017A4C81CA" && level==0} -index 1' command is executed.
08:28:11 INFO  : FPGA configured successfully with bitstream "C:/Users/ktzam/Downloads/CIRCUITOS_LOGICO/20042024/IP_CORE/IP_CORE.sdk/System_wrapper_hw_platform_0/System_wrapper.bit"
08:28:12 INFO  : Context for 'APU' is selected.
08:28:15 INFO  : Hardware design information is loaded from 'C:/Users/ktzam/Downloads/CIRCUITOS_LOGICO/20042024/IP_CORE/IP_CORE.sdk/System_wrapper_hw_platform_0/system.hdf'.
08:28:15 INFO  : 'configparams force-mem-access 1' command is executed.
08:28:15 INFO  : Context for 'APU' is selected.
08:28:18 INFO  : 'stop' command is executed.
08:30:22 INFO  : 'ps7_init' command is executed.
08:30:26 INFO  : 'ps7_post_config' command is executed.
08:30:26 INFO  : Context for processor 'ps7_cortexa9_0' is selected.
08:30:27 INFO  : Processor reset is completed for 'ps7_cortexa9_0'.
08:30:28 INFO  : Context for processor 'ps7_cortexa9_0' is selected.
08:30:32 INFO  : The application 'C:/Users/ktzam/Downloads/CIRCUITOS_LOGICO/20042024/IP_CORE/IP_CORE.sdk/Cordic_rotador/Debug/Cordic_rotador.elf' is downloaded to processor 'ps7_cortexa9_0'.
08:30:32 INFO  : 'configparams force-mem-access 0' command is executed.
08:30:32 INFO  : ----------------XSDB Script----------------
connect -path [list tcp::1534 tcp:lseserver.ddns.net:3121]
source C:/Users/ktzam/Downloads/CIRCUITOS_LOGICO/20042024/IP_CORE/IP_CORE.sdk/System_wrapper_hw_platform_0/ps7_init.tcl
targets -set -filter {jtag_cable_name =~ "Digilent Arty Z7 003017A4C81CA" && level==0} -index 1
fpga -file C:/Users/ktzam/Downloads/CIRCUITOS_LOGICO/20042024/IP_CORE/IP_CORE.sdk/System_wrapper_hw_platform_0/System_wrapper.bit
targets -set -nocase -filter {name =~"APU*" && jtag_cable_name =~ "Digilent Arty Z7 003017A4C81CA"} -index 0
loadhw -hw C:/Users/ktzam/Downloads/CIRCUITOS_LOGICO/20042024/IP_CORE/IP_CORE.sdk/System_wrapper_hw_platform_0/system.hdf -mem-ranges [list {0x40000000 0xbfffffff}]
configparams force-mem-access 1
targets -set -nocase -filter {name =~"APU*" && jtag_cable_name =~ "Digilent Arty Z7 003017A4C81CA"} -index 0
stop
ps7_init
ps7_post_config
targets -set -nocase -filter {name =~ "ARM*#0" && jtag_cable_name =~ "Digilent Arty Z7 003017A4C81CA"} -index 0
rst -processor
targets -set -nocase -filter {name =~ "ARM*#0" && jtag_cable_name =~ "Digilent Arty Z7 003017A4C81CA"} -index 0
dow C:/Users/ktzam/Downloads/CIRCUITOS_LOGICO/20042024/IP_CORE/IP_CORE.sdk/Cordic_rotador/Debug/Cordic_rotador.elf
configparams force-mem-access 0
----------------End of Script----------------

08:30:34 INFO  : Memory regions updated for context APU
08:30:35 INFO  : Context for processor 'ps7_cortexa9_0' is selected.
08:30:35 INFO  : 'con' command is executed.
08:30:35 INFO  : ----------------XSDB Script (After Launch)----------------
targets -set -nocase -filter {name =~ "ARM*#0" && jtag_cable_name =~ "Digilent Arty Z7 003017A4C81CA"} -index 0
con
----------------End of Script----------------

08:30:35 INFO  : Launch script is exported to file 'C:\Users\ktzam\Downloads\CIRCUITOS_LOGICO\20042024\IP_CORE\IP_CORE.sdk\.sdk\launch_scripts\xilinx_c-c++_application_(system_debugger)\system_debugger_using_debug_cordic_rotador.elf_on_local.tcl'
09:15:43 INFO  : Disconnected from the channel tcfchan#2.
09:15:44 INFO  : Connected through redirection to target on host 'lseserver.ddns.net' and port '3121'.
09:15:46 WARN  : SDK version '2018.1' doesn't match hw_server version '2023.2'. Some debug features may not work.
09:15:46 INFO  : Jtag cable 'Digilent Arty Z7 003017A4C81CA' is selected.
09:15:46 INFO  : 'jtag frequency' command is executed.
09:15:46 INFO  : Sourcing of 'C:/Users/ktzam/Downloads/CIRCUITOS_LOGICO/20042024/IP_CORE/IP_CORE.sdk/System_wrapper_hw_platform_0/ps7_init.tcl' is done.
09:15:48 INFO  : 'targets -set -filter {jtag_cable_name =~ "Digilent Arty Z7 003017A4C81CA" && level==0} -index 1' command is executed.
09:16:11 INFO  : FPGA configured successfully with bitstream "C:/Users/ktzam/Downloads/CIRCUITOS_LOGICO/20042024/IP_CORE/IP_CORE.sdk/System_wrapper_hw_platform_0/System_wrapper.bit"
09:16:11 INFO  : Context for 'APU' is selected.
09:16:14 INFO  : Hardware design information is loaded from 'C:/Users/ktzam/Downloads/CIRCUITOS_LOGICO/20042024/IP_CORE/IP_CORE.sdk/System_wrapper_hw_platform_0/system.hdf'.
09:16:14 INFO  : 'configparams force-mem-access 1' command is executed.
09:16:15 INFO  : Context for 'APU' is selected.
09:16:19 INFO  : 'stop' command is executed.
09:17:56 INFO  : 'ps7_init' command is executed.
09:17:58 INFO  : 'ps7_post_config' command is executed.
09:17:59 INFO  : Context for processor 'ps7_cortexa9_0' is selected.
09:18:00 INFO  : Processor reset is completed for 'ps7_cortexa9_0'.
09:18:01 INFO  : Context for processor 'ps7_cortexa9_0' is selected.
09:18:04 INFO  : The application 'C:/Users/ktzam/Downloads/CIRCUITOS_LOGICO/20042024/IP_CORE/IP_CORE.sdk/Cordic_rotador/Debug/Cordic_rotador.elf' is downloaded to processor 'ps7_cortexa9_0'.
09:18:04 INFO  : 'configparams force-mem-access 0' command is executed.
09:18:04 INFO  : ----------------XSDB Script----------------
connect -path [list tcp::1534 tcp:lseserver.ddns.net:3121]
source C:/Users/ktzam/Downloads/CIRCUITOS_LOGICO/20042024/IP_CORE/IP_CORE.sdk/System_wrapper_hw_platform_0/ps7_init.tcl
targets -set -filter {jtag_cable_name =~ "Digilent Arty Z7 003017A4C81CA" && level==0} -index 1
fpga -file C:/Users/ktzam/Downloads/CIRCUITOS_LOGICO/20042024/IP_CORE/IP_CORE.sdk/System_wrapper_hw_platform_0/System_wrapper.bit
targets -set -nocase -filter {name =~"APU*" && jtag_cable_name =~ "Digilent Arty Z7 003017A4C81CA"} -index 0
loadhw -hw C:/Users/ktzam/Downloads/CIRCUITOS_LOGICO/20042024/IP_CORE/IP_CORE.sdk/System_wrapper_hw_platform_0/system.hdf -mem-ranges [list {0x40000000 0xbfffffff}]
configparams force-mem-access 1
targets -set -nocase -filter {name =~"APU*" && jtag_cable_name =~ "Digilent Arty Z7 003017A4C81CA"} -index 0
stop
ps7_init
ps7_post_config
targets -set -nocase -filter {name =~ "ARM*#0" && jtag_cable_name =~ "Digilent Arty Z7 003017A4C81CA"} -index 0
rst -processor
targets -set -nocase -filter {name =~ "ARM*#0" && jtag_cable_name =~ "Digilent Arty Z7 003017A4C81CA"} -index 0
dow C:/Users/ktzam/Downloads/CIRCUITOS_LOGICO/20042024/IP_CORE/IP_CORE.sdk/Cordic_rotador/Debug/Cordic_rotador.elf
configparams force-mem-access 0
----------------End of Script----------------

09:18:06 INFO  : Memory regions updated for context APU
09:18:07 INFO  : Context for processor 'ps7_cortexa9_0' is selected.
09:18:07 INFO  : 'con' command is executed.
09:18:07 INFO  : ----------------XSDB Script (After Launch)----------------
targets -set -nocase -filter {name =~ "ARM*#0" && jtag_cable_name =~ "Digilent Arty Z7 003017A4C81CA"} -index 0
con
----------------End of Script----------------

09:18:07 INFO  : Launch script is exported to file 'C:\Users\ktzam\Downloads\CIRCUITOS_LOGICO\20042024\IP_CORE\IP_CORE.sdk\.sdk\launch_scripts\xilinx_c-c++_application_(system_debugger)\system_debugger_using_debug_cordic_rotador.elf_on_local.tcl'
09:19:37 INFO  : Disconnected from the channel tcfchan#3.
09:19:39 INFO  : Connected through redirection to target on host 'lseserver.ddns.net' and port '3121'.
09:19:41 WARN  : SDK version '2018.1' doesn't match hw_server version '2023.2'. Some debug features may not work.
09:19:41 INFO  : Jtag cable 'Digilent Arty Z7 003017A4C81CA' is selected.
09:19:41 INFO  : 'jtag frequency' command is executed.
09:19:41 INFO  : Sourcing of 'C:/Users/ktzam/Downloads/CIRCUITOS_LOGICO/20042024/IP_CORE/IP_CORE.sdk/System_wrapper_hw_platform_0/ps7_init.tcl' is done.
09:19:43 INFO  : 'targets -set -filter {jtag_cable_name =~ "Digilent Arty Z7 003017A4C81CA" && level==0} -index 1' command is executed.
09:20:07 INFO  : FPGA configured successfully with bitstream "C:/Users/ktzam/Downloads/CIRCUITOS_LOGICO/20042024/IP_CORE/IP_CORE.sdk/System_wrapper_hw_platform_0/System_wrapper.bit"
09:20:07 INFO  : Context for 'APU' is selected.
09:20:10 INFO  : Hardware design information is loaded from 'C:/Users/ktzam/Downloads/CIRCUITOS_LOGICO/20042024/IP_CORE/IP_CORE.sdk/System_wrapper_hw_platform_0/system.hdf'.
09:20:10 INFO  : 'configparams force-mem-access 1' command is executed.
09:20:11 INFO  : Context for 'APU' is selected.
09:20:12 INFO  : 'stop' command is executed.
09:21:49 INFO  : 'ps7_init' command is executed.
09:21:52 INFO  : 'ps7_post_config' command is executed.
09:21:52 INFO  : Context for processor 'ps7_cortexa9_0' is selected.
09:21:53 INFO  : Processor reset is completed for 'ps7_cortexa9_0'.
09:21:54 INFO  : Context for processor 'ps7_cortexa9_0' is selected.
09:21:57 INFO  : The application 'C:/Users/ktzam/Downloads/CIRCUITOS_LOGICO/20042024/IP_CORE/IP_CORE.sdk/Cordic_rotador/Debug/Cordic_rotador.elf' is downloaded to processor 'ps7_cortexa9_0'.
09:21:58 INFO  : 'configparams force-mem-access 0' command is executed.
09:21:58 INFO  : ----------------XSDB Script----------------
connect -path [list tcp::1534 tcp:lseserver.ddns.net:3121]
source C:/Users/ktzam/Downloads/CIRCUITOS_LOGICO/20042024/IP_CORE/IP_CORE.sdk/System_wrapper_hw_platform_0/ps7_init.tcl
targets -set -filter {jtag_cable_name =~ "Digilent Arty Z7 003017A4C81CA" && level==0} -index 1
fpga -file C:/Users/ktzam/Downloads/CIRCUITOS_LOGICO/20042024/IP_CORE/IP_CORE.sdk/System_wrapper_hw_platform_0/System_wrapper.bit
targets -set -nocase -filter {name =~"APU*" && jtag_cable_name =~ "Digilent Arty Z7 003017A4C81CA"} -index 0
loadhw -hw C:/Users/ktzam/Downloads/CIRCUITOS_LOGICO/20042024/IP_CORE/IP_CORE.sdk/System_wrapper_hw_platform_0/system.hdf -mem-ranges [list {0x40000000 0xbfffffff}]
configparams force-mem-access 1
targets -set -nocase -filter {name =~"APU*" && jtag_cable_name =~ "Digilent Arty Z7 003017A4C81CA"} -index 0
stop
ps7_init
ps7_post_config
targets -set -nocase -filter {name =~ "ARM*#0" && jtag_cable_name =~ "Digilent Arty Z7 003017A4C81CA"} -index 0
rst -processor
targets -set -nocase -filter {name =~ "ARM*#0" && jtag_cable_name =~ "Digilent Arty Z7 003017A4C81CA"} -index 0
dow C:/Users/ktzam/Downloads/CIRCUITOS_LOGICO/20042024/IP_CORE/IP_CORE.sdk/Cordic_rotador/Debug/Cordic_rotador.elf
configparams force-mem-access 0
----------------End of Script----------------

09:22:00 INFO  : Memory regions updated for context APU
09:22:00 INFO  : Context for processor 'ps7_cortexa9_0' is selected.
09:22:00 INFO  : 'con' command is executed.
09:22:00 INFO  : ----------------XSDB Script (After Launch)----------------
targets -set -nocase -filter {name =~ "ARM*#0" && jtag_cable_name =~ "Digilent Arty Z7 003017A4C81CA"} -index 0
con
----------------End of Script----------------

09:22:00 INFO  : Launch script is exported to file 'C:\Users\ktzam\Downloads\CIRCUITOS_LOGICO\20042024\IP_CORE\IP_CORE.sdk\.sdk\launch_scripts\xilinx_c-c++_application_(system_debugger)\system_debugger_using_debug_cordic_rotador.elf_on_local.tcl'
09:23:38 INFO  : Disconnected from the channel tcfchan#4.
09:23:40 INFO  : Connected through redirection to target on host 'lseserver.ddns.net' and port '3121'.
09:23:41 WARN  : SDK version '2018.1' doesn't match hw_server version '2023.2'. Some debug features may not work.
09:23:42 INFO  : Jtag cable 'Digilent Arty Z7 003017A4C81CA' is selected.
09:23:42 INFO  : 'jtag frequency' command is executed.
09:23:42 INFO  : Sourcing of 'C:/Users/ktzam/Downloads/CIRCUITOS_LOGICO/20042024/IP_CORE/IP_CORE.sdk/System_wrapper_hw_platform_0/ps7_init.tcl' is done.
09:23:43 INFO  : 'targets -set -filter {jtag_cable_name =~ "Digilent Arty Z7 003017A4C81CA" && level==0} -index 1' command is executed.
09:24:08 INFO  : FPGA configured successfully with bitstream "C:/Users/ktzam/Downloads/CIRCUITOS_LOGICO/20042024/IP_CORE/IP_CORE.sdk/System_wrapper_hw_platform_0/System_wrapper.bit"
09:24:09 INFO  : Context for 'APU' is selected.
09:24:12 INFO  : Hardware design information is loaded from 'C:/Users/ktzam/Downloads/CIRCUITOS_LOGICO/20042024/IP_CORE/IP_CORE.sdk/System_wrapper_hw_platform_0/system.hdf'.
09:24:12 INFO  : 'configparams force-mem-access 1' command is executed.
09:24:12 INFO  : Context for 'APU' is selected.
09:24:14 INFO  : 'stop' command is executed.
09:25:49 INFO  : 'ps7_init' command is executed.
09:25:51 INFO  : 'ps7_post_config' command is executed.
09:25:52 INFO  : Context for processor 'ps7_cortexa9_0' is selected.
09:25:53 INFO  : Processor reset is completed for 'ps7_cortexa9_0'.
09:25:54 INFO  : Context for processor 'ps7_cortexa9_0' is selected.
09:25:56 INFO  : The application 'C:/Users/ktzam/Downloads/CIRCUITOS_LOGICO/20042024/IP_CORE/IP_CORE.sdk/Cordic_rotador/Debug/Cordic_rotador.elf' is downloaded to processor 'ps7_cortexa9_0'.
09:25:56 INFO  : 'configparams force-mem-access 0' command is executed.
09:25:56 INFO  : ----------------XSDB Script----------------
connect -path [list tcp::1534 tcp:lseserver.ddns.net:3121]
source C:/Users/ktzam/Downloads/CIRCUITOS_LOGICO/20042024/IP_CORE/IP_CORE.sdk/System_wrapper_hw_platform_0/ps7_init.tcl
targets -set -filter {jtag_cable_name =~ "Digilent Arty Z7 003017A4C81CA" && level==0} -index 1
fpga -file C:/Users/ktzam/Downloads/CIRCUITOS_LOGICO/20042024/IP_CORE/IP_CORE.sdk/System_wrapper_hw_platform_0/System_wrapper.bit
targets -set -nocase -filter {name =~"APU*" && jtag_cable_name =~ "Digilent Arty Z7 003017A4C81CA"} -index 0
loadhw -hw C:/Users/ktzam/Downloads/CIRCUITOS_LOGICO/20042024/IP_CORE/IP_CORE.sdk/System_wrapper_hw_platform_0/system.hdf -mem-ranges [list {0x40000000 0xbfffffff}]
configparams force-mem-access 1
targets -set -nocase -filter {name =~"APU*" && jtag_cable_name =~ "Digilent Arty Z7 003017A4C81CA"} -index 0
stop
ps7_init
ps7_post_config
targets -set -nocase -filter {name =~ "ARM*#0" && jtag_cable_name =~ "Digilent Arty Z7 003017A4C81CA"} -index 0
rst -processor
targets -set -nocase -filter {name =~ "ARM*#0" && jtag_cable_name =~ "Digilent Arty Z7 003017A4C81CA"} -index 0
dow C:/Users/ktzam/Downloads/CIRCUITOS_LOGICO/20042024/IP_CORE/IP_CORE.sdk/Cordic_rotador/Debug/Cordic_rotador.elf
configparams force-mem-access 0
----------------End of Script----------------

09:25:58 INFO  : Memory regions updated for context APU
09:25:58 INFO  : Context for processor 'ps7_cortexa9_0' is selected.
09:25:59 INFO  : 'con' command is executed.
09:25:59 INFO  : ----------------XSDB Script (After Launch)----------------
targets -set -nocase -filter {name =~ "ARM*#0" && jtag_cable_name =~ "Digilent Arty Z7 003017A4C81CA"} -index 0
con
----------------End of Script----------------

09:25:59 INFO  : Launch script is exported to file 'C:\Users\ktzam\Downloads\CIRCUITOS_LOGICO\20042024\IP_CORE\IP_CORE.sdk\.sdk\launch_scripts\xilinx_c-c++_application_(system_debugger)\system_debugger_using_debug_cordic_rotador.elf_on_local.tcl'
09:28:30 INFO  : Disconnected from the channel tcfchan#5.
09:28:32 INFO  : Connected through redirection to target on host 'lseserver.ddns.net' and port '3121'.
09:28:34 WARN  : SDK version '2018.1' doesn't match hw_server version '2023.2'. Some debug features may not work.
09:28:34 INFO  : Jtag cable 'Digilent Arty Z7 003017A4C81CA' is selected.
09:28:34 INFO  : 'jtag frequency' command is executed.
09:28:34 INFO  : Sourcing of 'C:/Users/ktzam/Downloads/CIRCUITOS_LOGICO/20042024/IP_CORE/IP_CORE.sdk/System_wrapper_hw_platform_0/ps7_init.tcl' is done.
09:28:36 INFO  : 'targets -set -filter {jtag_cable_name =~ "Digilent Arty Z7 003017A4C81CA" && level==0} -index 1' command is executed.
09:29:00 INFO  : FPGA configured successfully with bitstream "C:/Users/ktzam/Downloads/CIRCUITOS_LOGICO/20042024/IP_CORE/IP_CORE.sdk/System_wrapper_hw_platform_0/System_wrapper.bit"
09:29:01 INFO  : Context for 'APU' is selected.
09:29:04 INFO  : Hardware design information is loaded from 'C:/Users/ktzam/Downloads/CIRCUITOS_LOGICO/20042024/IP_CORE/IP_CORE.sdk/System_wrapper_hw_platform_0/system.hdf'.
09:29:04 INFO  : 'configparams force-mem-access 1' command is executed.
09:29:05 INFO  : Context for 'APU' is selected.
09:29:06 INFO  : 'stop' command is executed.
09:30:43 INFO  : 'ps7_init' command is executed.
09:30:45 INFO  : 'ps7_post_config' command is executed.
09:30:46 INFO  : Context for processor 'ps7_cortexa9_0' is selected.
09:30:47 INFO  : Processor reset is completed for 'ps7_cortexa9_0'.
09:30:48 INFO  : Context for processor 'ps7_cortexa9_0' is selected.
09:30:50 INFO  : The application 'C:/Users/ktzam/Downloads/CIRCUITOS_LOGICO/20042024/IP_CORE/IP_CORE.sdk/Cordic_rotador/Debug/Cordic_rotador.elf' is downloaded to processor 'ps7_cortexa9_0'.
09:30:50 INFO  : 'configparams force-mem-access 0' command is executed.
09:30:50 INFO  : ----------------XSDB Script----------------
connect -path [list tcp::1534 tcp:lseserver.ddns.net:3121]
source C:/Users/ktzam/Downloads/CIRCUITOS_LOGICO/20042024/IP_CORE/IP_CORE.sdk/System_wrapper_hw_platform_0/ps7_init.tcl
targets -set -filter {jtag_cable_name =~ "Digilent Arty Z7 003017A4C81CA" && level==0} -index 1
fpga -file C:/Users/ktzam/Downloads/CIRCUITOS_LOGICO/20042024/IP_CORE/IP_CORE.sdk/System_wrapper_hw_platform_0/System_wrapper.bit
targets -set -nocase -filter {name =~"APU*" && jtag_cable_name =~ "Digilent Arty Z7 003017A4C81CA"} -index 0
loadhw -hw C:/Users/ktzam/Downloads/CIRCUITOS_LOGICO/20042024/IP_CORE/IP_CORE.sdk/System_wrapper_hw_platform_0/system.hdf -mem-ranges [list {0x40000000 0xbfffffff}]
configparams force-mem-access 1
targets -set -nocase -filter {name =~"APU*" && jtag_cable_name =~ "Digilent Arty Z7 003017A4C81CA"} -index 0
stop
ps7_init
ps7_post_config
targets -set -nocase -filter {name =~ "ARM*#0" && jtag_cable_name =~ "Digilent Arty Z7 003017A4C81CA"} -index 0
rst -processor
targets -set -nocase -filter {name =~ "ARM*#0" && jtag_cable_name =~ "Digilent Arty Z7 003017A4C81CA"} -index 0
dow C:/Users/ktzam/Downloads/CIRCUITOS_LOGICO/20042024/IP_CORE/IP_CORE.sdk/Cordic_rotador/Debug/Cordic_rotador.elf
configparams force-mem-access 0
----------------End of Script----------------

09:30:52 INFO  : Memory regions updated for context APU
09:30:53 INFO  : Context for processor 'ps7_cortexa9_0' is selected.
09:30:53 INFO  : 'con' command is executed.
09:30:53 INFO  : ----------------XSDB Script (After Launch)----------------
targets -set -nocase -filter {name =~ "ARM*#0" && jtag_cable_name =~ "Digilent Arty Z7 003017A4C81CA"} -index 0
con
----------------End of Script----------------

09:30:53 INFO  : Launch script is exported to file 'C:\Users\ktzam\Downloads\CIRCUITOS_LOGICO\20042024\IP_CORE\IP_CORE.sdk\.sdk\launch_scripts\xilinx_c-c++_application_(system_debugger)\system_debugger_using_debug_cordic_rotador.elf_on_local.tcl'
09:33:17 INFO  : Disconnected from the channel tcfchan#6.
09:33:19 INFO  : Connected through redirection to target on host 'lseserver.ddns.net' and port '3121'.
09:33:21 WARN  : SDK version '2018.1' doesn't match hw_server version '2023.2'. Some debug features may not work.
09:33:21 INFO  : Jtag cable 'Digilent Arty Z7 003017A4C81CA' is selected.
09:33:21 INFO  : 'jtag frequency' command is executed.
09:33:21 INFO  : Sourcing of 'C:/Users/ktzam/Downloads/CIRCUITOS_LOGICO/20042024/IP_CORE/IP_CORE.sdk/System_wrapper_hw_platform_0/ps7_init.tcl' is done.
09:33:23 INFO  : 'targets -set -filter {jtag_cable_name =~ "Digilent Arty Z7 003017A4C81CA" && level==0} -index 1' command is executed.
09:33:47 INFO  : FPGA configured successfully with bitstream "C:/Users/ktzam/Downloads/CIRCUITOS_LOGICO/20042024/IP_CORE/IP_CORE.sdk/System_wrapper_hw_platform_0/System_wrapper.bit"
09:33:48 INFO  : Context for 'APU' is selected.
09:33:51 INFO  : Hardware design information is loaded from 'C:/Users/ktzam/Downloads/CIRCUITOS_LOGICO/20042024/IP_CORE/IP_CORE.sdk/System_wrapper_hw_platform_0/system.hdf'.
09:33:51 INFO  : 'configparams force-mem-access 1' command is executed.
09:33:52 INFO  : Context for 'APU' is selected.
09:33:53 INFO  : 'stop' command is executed.
09:33:53 ERROR : Memory read error at 0xF8007080. AHB AP transaction error, DAP status 0xF0000021
09:33:53 INFO  : ----------------XSDB Script----------------
connect -path [list tcp::1534 tcp:lseserver.ddns.net:3121]
source C:/Users/ktzam/Downloads/CIRCUITOS_LOGICO/20042024/IP_CORE/IP_CORE.sdk/System_wrapper_hw_platform_0/ps7_init.tcl
targets -set -filter {jtag_cable_name =~ "Digilent Arty Z7 003017A4C81CA" && level==0} -index 1
fpga -file C:/Users/ktzam/Downloads/CIRCUITOS_LOGICO/20042024/IP_CORE/IP_CORE.sdk/System_wrapper_hw_platform_0/System_wrapper.bit
targets -set -nocase -filter {name =~"APU*" && jtag_cable_name =~ "Digilent Arty Z7 003017A4C81CA"} -index 0
loadhw -hw C:/Users/ktzam/Downloads/CIRCUITOS_LOGICO/20042024/IP_CORE/IP_CORE.sdk/System_wrapper_hw_platform_0/system.hdf -mem-ranges [list {0x40000000 0xbfffffff}]
configparams force-mem-access 1
targets -set -nocase -filter {name =~"APU*" && jtag_cable_name =~ "Digilent Arty Z7 003017A4C81CA"} -index 0
stop
ps7_init
----------------End of Script----------------

09:35:07 INFO  : Connected through redirection to target on host 'lseserver.ddns.net' and port '3121'.
09:35:07 WARN  : SDK version '2018.1' doesn't match hw_server version '2023.2'. Some debug features may not work.
09:35:08 INFO  : Jtag cable 'Digilent Arty Z7 003017A4C81CA' is selected.
09:35:08 INFO  : 'jtag frequency' command is executed.
09:35:08 INFO  : Sourcing of 'C:/Users/ktzam/Downloads/CIRCUITOS_LOGICO/20042024/IP_CORE/IP_CORE.sdk/System_wrapper_hw_platform_0/ps7_init.tcl' is done.
09:35:08 INFO  : 'targets -set -filter {jtag_cable_name =~ "Digilent Arty Z7 003017A4C81CA" && level==0} -index 1' command is executed.
09:35:32 INFO  : FPGA configured successfully with bitstream "C:/Users/ktzam/Downloads/CIRCUITOS_LOGICO/20042024/IP_CORE/IP_CORE.sdk/System_wrapper_hw_platform_0/System_wrapper.bit"
09:35:33 INFO  : Context for 'APU' is selected.
09:35:33 INFO  : Hardware design information is loaded from 'C:/Users/ktzam/Downloads/CIRCUITOS_LOGICO/20042024/IP_CORE/IP_CORE.sdk/System_wrapper_hw_platform_0/system.hdf'.
09:35:33 INFO  : 'configparams force-mem-access 1' command is executed.
09:35:33 INFO  : Context for 'APU' is selected.
09:35:34 INFO  : 'stop' command is executed.
09:35:34 ERROR : Memory read error at 0xF8007080. AHB AP transaction error, DAP status 0xF0000021
09:35:34 INFO  : ----------------XSDB Script----------------
connect -path [list tcp::1534 tcp:lseserver.ddns.net:3121]
source C:/Users/ktzam/Downloads/CIRCUITOS_LOGICO/20042024/IP_CORE/IP_CORE.sdk/System_wrapper_hw_platform_0/ps7_init.tcl
targets -set -filter {jtag_cable_name =~ "Digilent Arty Z7 003017A4C81CA" && level==0} -index 1
fpga -file C:/Users/ktzam/Downloads/CIRCUITOS_LOGICO/20042024/IP_CORE/IP_CORE.sdk/System_wrapper_hw_platform_0/System_wrapper.bit
targets -set -nocase -filter {name =~"APU*" && jtag_cable_name =~ "Digilent Arty Z7 003017A4C81CA"} -index 0
loadhw -hw C:/Users/ktzam/Downloads/CIRCUITOS_LOGICO/20042024/IP_CORE/IP_CORE.sdk/System_wrapper_hw_platform_0/system.hdf -mem-ranges [list {0x40000000 0xbfffffff}]
configparams force-mem-access 1
targets -set -nocase -filter {name =~"APU*" && jtag_cable_name =~ "Digilent Arty Z7 003017A4C81CA"} -index 0
stop
ps7_init
----------------End of Script----------------

09:36:30 INFO  : Connected through redirection to target on host 'lseserver.ddns.net' and port '3121'.
09:36:30 WARN  : SDK version '2018.1' doesn't match hw_server version '2023.2'. Some debug features may not work.
09:36:31 INFO  : Jtag cable 'Digilent Arty Z7 003017A4C81CA' is selected.
09:36:31 INFO  : 'jtag frequency' command is executed.
09:36:31 INFO  : Sourcing of 'C:/Users/ktzam/Downloads/CIRCUITOS_LOGICO/20042024/IP_CORE/IP_CORE.sdk/System_wrapper_hw_platform_0/ps7_init.tcl' is done.
09:36:31 INFO  : 'targets -set -filter {jtag_cable_name =~ "Digilent Arty Z7 003017A4C81CA" && level==0} -index 1' command is executed.
09:36:55 INFO  : FPGA configured successfully with bitstream "C:/Users/ktzam/Downloads/CIRCUITOS_LOGICO/20042024/IP_CORE/IP_CORE.sdk/System_wrapper_hw_platform_0/System_wrapper.bit"
09:36:56 INFO  : Context for 'APU' is selected.
09:36:56 INFO  : Hardware design information is loaded from 'C:/Users/ktzam/Downloads/CIRCUITOS_LOGICO/20042024/IP_CORE/IP_CORE.sdk/System_wrapper_hw_platform_0/system.hdf'.
09:36:56 INFO  : 'configparams force-mem-access 1' command is executed.
09:36:56 INFO  : Context for 'APU' is selected.
09:36:56 INFO  : 'stop' command is executed.
09:36:57 ERROR : Memory read error at 0xF8007080. AHB AP transaction error, DAP status 0xF0000021
09:36:57 INFO  : ----------------XSDB Script----------------
connect -path [list tcp::1534 tcp:lseserver.ddns.net:3121]
source C:/Users/ktzam/Downloads/CIRCUITOS_LOGICO/20042024/IP_CORE/IP_CORE.sdk/System_wrapper_hw_platform_0/ps7_init.tcl
targets -set -filter {jtag_cable_name =~ "Digilent Arty Z7 003017A4C81CA" && level==0} -index 1
fpga -file C:/Users/ktzam/Downloads/CIRCUITOS_LOGICO/20042024/IP_CORE/IP_CORE.sdk/System_wrapper_hw_platform_0/System_wrapper.bit
targets -set -nocase -filter {name =~"APU*" && jtag_cable_name =~ "Digilent Arty Z7 003017A4C81CA"} -index 0
loadhw -hw C:/Users/ktzam/Downloads/CIRCUITOS_LOGICO/20042024/IP_CORE/IP_CORE.sdk/System_wrapper_hw_platform_0/system.hdf -mem-ranges [list {0x40000000 0xbfffffff}]
configparams force-mem-access 1
targets -set -nocase -filter {name =~"APU*" && jtag_cable_name =~ "Digilent Arty Z7 003017A4C81CA"} -index 0
stop
ps7_init
----------------End of Script----------------

09:37:20 INFO  : Launching XSCT server: xsct.bat -interactive C:\Users\ktzam\Downloads\CIRCUITOS_LOGICO\20042024\IP_CORE\IP_CORE.sdk\temp_xsdb_launch_script.tcl
09:37:20 INFO  : Registering command handlers for SDK TCF services
09:37:22 INFO  : XSCT server has started successfully.
09:37:22 INFO  : Successfully done setting XSCT server connection channel  
09:37:22 INFO  : Successfully done setting SDK workspace  
09:37:22 INFO  : Processing command line option -hwspec C:/Users/ktzam/Downloads/CIRCUITOS_LOGICO/20042024/IP_CORE/IP_CORE.sdk/System_wrapper.hdf.
09:37:22 INFO  : Checking for hwspec changes in the project System_wrapper_hw_platform_0.
09:37:46 INFO  : Connected through redirection to target on host 'lseserver.ddns.net' and port '3121'.
09:37:47 WARN  : SDK version '2018.1' doesn't match hw_server version '2023.2'. Some debug features may not work.
09:37:48 INFO  : Jtag cable 'Digilent Arty Z7 003017A4C81CA' is selected.
09:37:48 INFO  : 'jtag frequency' command is executed.
09:37:48 INFO  : Sourcing of 'C:/Users/ktzam/Downloads/CIRCUITOS_LOGICO/20042024/IP_CORE/IP_CORE.sdk/System_wrapper_hw_platform_0/ps7_init.tcl' is done.
09:37:50 INFO  : 'targets -set -filter {jtag_cable_name =~ "Digilent Arty Z7 003017A4C81CA" && level==0} -index 1' command is executed.
09:38:14 INFO  : FPGA configured successfully with bitstream "C:/Users/ktzam/Downloads/CIRCUITOS_LOGICO/20042024/IP_CORE/IP_CORE.sdk/System_wrapper_hw_platform_0/System_wrapper.bit"
09:38:15 INFO  : Context for 'APU' is selected.
09:38:16 INFO  : Hardware design information is loaded from 'C:/Users/ktzam/Downloads/CIRCUITOS_LOGICO/20042024/IP_CORE/IP_CORE.sdk/System_wrapper_hw_platform_0/system.hdf'.
09:38:17 INFO  : 'configparams force-mem-access 1' command is executed.
09:38:17 INFO  : Context for 'APU' is selected.
09:38:17 INFO  : 'stop' command is executed.
09:38:17 ERROR : Memory read error at 0xF8007080. AHB AP transaction error, DAP status 0xF0000021
09:38:17 INFO  : ----------------XSDB Script----------------
connect -path [list tcp::1534 tcp:lseserver.ddns.net:3121]
source C:/Users/ktzam/Downloads/CIRCUITOS_LOGICO/20042024/IP_CORE/IP_CORE.sdk/System_wrapper_hw_platform_0/ps7_init.tcl
targets -set -filter {jtag_cable_name =~ "Digilent Arty Z7 003017A4C81CA" && level==0} -index 1
fpga -file C:/Users/ktzam/Downloads/CIRCUITOS_LOGICO/20042024/IP_CORE/IP_CORE.sdk/System_wrapper_hw_platform_0/System_wrapper.bit
targets -set -nocase -filter {name =~"APU*" && jtag_cable_name =~ "Digilent Arty Z7 003017A4C81CA"} -index 0
loadhw -hw C:/Users/ktzam/Downloads/CIRCUITOS_LOGICO/20042024/IP_CORE/IP_CORE.sdk/System_wrapper_hw_platform_0/system.hdf -mem-ranges [list {0x40000000 0xbfffffff}]
configparams force-mem-access 1
targets -set -nocase -filter {name =~"APU*" && jtag_cable_name =~ "Digilent Arty Z7 003017A4C81CA"} -index 0
stop
ps7_init
----------------End of Script----------------

09:39:26 INFO  : Connected through redirection to target on host 'lseserver.ddns.net' and port '3121'.
09:39:26 WARN  : SDK version '2018.1' doesn't match hw_server version '2023.2'. Some debug features may not work.
09:39:27 INFO  : Jtag cable 'Digilent Arty Z7 003017A4C81CA' is selected.
09:39:27 INFO  : 'jtag frequency' command is executed.
09:39:27 INFO  : Sourcing of 'C:/Users/ktzam/Downloads/CIRCUITOS_LOGICO/20042024/IP_CORE/IP_CORE.sdk/System_wrapper_hw_platform_0/ps7_init.tcl' is done.
09:39:27 INFO  : 'targets -set -filter {jtag_cable_name =~ "Digilent Arty Z7 003017A4C81CA" && level==0} -index 1' command is executed.
09:39:52 INFO  : FPGA configured successfully with bitstream "C:/Users/ktzam/Downloads/CIRCUITOS_LOGICO/20042024/IP_CORE/IP_CORE.sdk/System_wrapper_hw_platform_0/System_wrapper.bit"
09:39:53 INFO  : Context for 'APU' is selected.
09:39:53 INFO  : Hardware design information is loaded from 'C:/Users/ktzam/Downloads/CIRCUITOS_LOGICO/20042024/IP_CORE/IP_CORE.sdk/System_wrapper_hw_platform_0/system.hdf'.
09:39:53 INFO  : 'configparams force-mem-access 1' command is executed.
09:39:53 INFO  : Context for 'APU' is selected.
09:39:54 INFO  : 'stop' command is executed.
09:39:54 ERROR : Memory read error at 0xF8007080. AHB AP transaction error, DAP status 0xF0000021
09:39:54 INFO  : ----------------XSDB Script----------------
connect -path [list tcp::1534 tcp:lseserver.ddns.net:3121]
source C:/Users/ktzam/Downloads/CIRCUITOS_LOGICO/20042024/IP_CORE/IP_CORE.sdk/System_wrapper_hw_platform_0/ps7_init.tcl
targets -set -filter {jtag_cable_name =~ "Digilent Arty Z7 003017A4C81CA" && level==0} -index 1
fpga -file C:/Users/ktzam/Downloads/CIRCUITOS_LOGICO/20042024/IP_CORE/IP_CORE.sdk/System_wrapper_hw_platform_0/System_wrapper.bit
targets -set -nocase -filter {name =~"APU*" && jtag_cable_name =~ "Digilent Arty Z7 003017A4C81CA"} -index 0
loadhw -hw C:/Users/ktzam/Downloads/CIRCUITOS_LOGICO/20042024/IP_CORE/IP_CORE.sdk/System_wrapper_hw_platform_0/system.hdf -mem-ranges [list {0x40000000 0xbfffffff}]
configparams force-mem-access 1
targets -set -nocase -filter {name =~"APU*" && jtag_cable_name =~ "Digilent Arty Z7 003017A4C81CA"} -index 0
stop
ps7_init
----------------End of Script----------------

10:03:46 INFO  : Connected through redirection to target on host 'lseserver.ddns.net' and port '3121'.
10:03:47 WARN  : SDK version '2018.1' doesn't match hw_server version '2023.2'. Some debug features may not work.
10:03:48 INFO  : Jtag cable 'Digilent Arty Z7 003017A4C81CA' is selected.
10:03:48 INFO  : 'jtag frequency' command is executed.
10:03:48 INFO  : Sourcing of 'C:/Users/ktzam/Downloads/CIRCUITOS_LOGICO/20042024/IP_CORE/IP_CORE.sdk/System_wrapper_hw_platform_0/ps7_init.tcl' is done.
10:03:48 INFO  : 'targets -set -filter {jtag_cable_name =~ "Digilent Arty Z7 003017A4C81CA" && level==0} -index 1' command is executed.
10:04:14 INFO  : FPGA configured successfully with bitstream "C:/Users/ktzam/Downloads/CIRCUITOS_LOGICO/20042024/IP_CORE/IP_CORE.sdk/System_wrapper_hw_platform_0/System_wrapper.bit"
10:04:15 INFO  : Context for 'APU' is selected.
10:04:16 INFO  : Hardware design information is loaded from 'C:/Users/ktzam/Downloads/CIRCUITOS_LOGICO/20042024/IP_CORE/IP_CORE.sdk/System_wrapper_hw_platform_0/system.hdf'.
10:04:16 INFO  : 'configparams force-mem-access 1' command is executed.
10:04:17 INFO  : Context for 'APU' is selected.
10:04:17 INFO  : 'stop' command is executed.
10:04:17 ERROR : Memory read error at 0xF8007080. AHB AP transaction error, DAP status 0xF0000021
10:04:17 INFO  : ----------------XSDB Script----------------
connect -path [list tcp::1534 tcp:lseserver.ddns.net:3121]
source C:/Users/ktzam/Downloads/CIRCUITOS_LOGICO/20042024/IP_CORE/IP_CORE.sdk/System_wrapper_hw_platform_0/ps7_init.tcl
targets -set -filter {jtag_cable_name =~ "Digilent Arty Z7 003017A4C81CA" && level==0} -index 1
fpga -file C:/Users/ktzam/Downloads/CIRCUITOS_LOGICO/20042024/IP_CORE/IP_CORE.sdk/System_wrapper_hw_platform_0/System_wrapper.bit
targets -set -nocase -filter {name =~"APU*" && jtag_cable_name =~ "Digilent Arty Z7 003017A4C81CA"} -index 0
loadhw -hw C:/Users/ktzam/Downloads/CIRCUITOS_LOGICO/20042024/IP_CORE/IP_CORE.sdk/System_wrapper_hw_platform_0/system.hdf -mem-ranges [list {0x40000000 0xbfffffff}]
configparams force-mem-access 1
targets -set -nocase -filter {name =~"APU*" && jtag_cable_name =~ "Digilent Arty Z7 003017A4C81CA"} -index 0
stop
ps7_init
----------------End of Script----------------

10:11:56 INFO  : Launching XSCT server: xsct.bat -interactive C:\Users\ktzam\Downloads\CIRCUITOS_LOGICO\20042024\IP_CORE\IP_CORE.sdk\temp_xsdb_launch_script.tcl
10:11:56 INFO  : Registering command handlers for SDK TCF services
10:11:58 INFO  : XSCT server has started successfully.
10:11:59 INFO  : Successfully done setting XSCT server connection channel  
10:11:59 INFO  : Successfully done setting SDK workspace  
10:11:59 INFO  : Processing command line option -hwspec C:/Users/ktzam/Downloads/CIRCUITOS_LOGICO/20042024/IP_CORE/IP_CORE.sdk/System_wrapper.hdf.
10:11:59 INFO  : Checking for hwspec changes in the project System_wrapper_hw_platform_0.
10:14:35 INFO  : Connected through redirection to target on host 'lseserver.ddns.net' and port '3121'.
10:14:36 WARN  : SDK version '2018.1' doesn't match hw_server version '2023.2'. Some debug features may not work.
10:14:37 INFO  : Jtag cable 'Digilent Arty Z7 003017A4C81CA' is selected.
10:14:37 INFO  : 'jtag frequency' command is executed.
10:14:37 INFO  : Sourcing of 'C:/Users/ktzam/Downloads/CIRCUITOS_LOGICO/20042024/IP_CORE/IP_CORE.sdk/System_wrapper_hw_platform_0/ps7_init.tcl' is done.
10:14:38 INFO  : 'targets -set -filter {jtag_cable_name =~ "Digilent Arty Z7 003017A4C81CA" && level==0} -index 1' command is executed.
10:15:02 INFO  : FPGA configured successfully with bitstream "C:/Users/ktzam/Downloads/CIRCUITOS_LOGICO/20042024/IP_CORE/IP_CORE.sdk/System_wrapper_hw_platform_0/System_wrapper.bit"
10:15:02 INFO  : Context for 'APU' is selected.
10:15:04 INFO  : Hardware design information is loaded from 'C:/Users/ktzam/Downloads/CIRCUITOS_LOGICO/20042024/IP_CORE/IP_CORE.sdk/System_wrapper_hw_platform_0/system.hdf'.
10:15:04 INFO  : 'configparams force-mem-access 1' command is executed.
10:15:04 INFO  : Context for 'APU' is selected.
10:15:08 INFO  : 'stop' command is executed.
10:16:44 INFO  : 'ps7_init' command is executed.
10:16:46 INFO  : 'ps7_post_config' command is executed.
10:16:46 INFO  : Context for processor 'ps7_cortexa9_0' is selected.
10:16:48 INFO  : Processor reset is completed for 'ps7_cortexa9_0'.
10:16:48 INFO  : Context for processor 'ps7_cortexa9_0' is selected.
10:16:50 INFO  : The application 'C:/Users/ktzam/Downloads/CIRCUITOS_LOGICO/20042024/IP_CORE/IP_CORE.sdk/Cordic_rotador/Debug/Cordic_rotador.elf' is downloaded to processor 'ps7_cortexa9_0'.
10:16:51 INFO  : 'configparams force-mem-access 0' command is executed.
10:16:51 INFO  : ----------------XSDB Script----------------
connect -path [list tcp::1534 tcp:lseserver.ddns.net:3121]
source C:/Users/ktzam/Downloads/CIRCUITOS_LOGICO/20042024/IP_CORE/IP_CORE.sdk/System_wrapper_hw_platform_0/ps7_init.tcl
targets -set -filter {jtag_cable_name =~ "Digilent Arty Z7 003017A4C81CA" && level==0} -index 1
fpga -file C:/Users/ktzam/Downloads/CIRCUITOS_LOGICO/20042024/IP_CORE/IP_CORE.sdk/System_wrapper_hw_platform_0/System_wrapper.bit
targets -set -nocase -filter {name =~"APU*" && jtag_cable_name =~ "Digilent Arty Z7 003017A4C81CA"} -index 0
loadhw -hw C:/Users/ktzam/Downloads/CIRCUITOS_LOGICO/20042024/IP_CORE/IP_CORE.sdk/System_wrapper_hw_platform_0/system.hdf -mem-ranges [list {0x40000000 0xbfffffff}]
configparams force-mem-access 1
targets -set -nocase -filter {name =~"APU*" && jtag_cable_name =~ "Digilent Arty Z7 003017A4C81CA"} -index 0
stop
ps7_init
ps7_post_config
targets -set -nocase -filter {name =~ "ARM*#0" && jtag_cable_name =~ "Digilent Arty Z7 003017A4C81CA"} -index 0
rst -processor
targets -set -nocase -filter {name =~ "ARM*#0" && jtag_cable_name =~ "Digilent Arty Z7 003017A4C81CA"} -index 0
dow C:/Users/ktzam/Downloads/CIRCUITOS_LOGICO/20042024/IP_CORE/IP_CORE.sdk/Cordic_rotador/Debug/Cordic_rotador.elf
configparams force-mem-access 0
----------------End of Script----------------

10:16:53 INFO  : Memory regions updated for context APU
10:16:53 INFO  : Context for processor 'ps7_cortexa9_0' is selected.
10:16:53 INFO  : 'con' command is executed.
10:16:53 INFO  : ----------------XSDB Script (After Launch)----------------
targets -set -nocase -filter {name =~ "ARM*#0" && jtag_cable_name =~ "Digilent Arty Z7 003017A4C81CA"} -index 0
con
----------------End of Script----------------

10:16:53 INFO  : Launch script is exported to file 'C:\Users\ktzam\Downloads\CIRCUITOS_LOGICO\20042024\IP_CORE\IP_CORE.sdk\.sdk\launch_scripts\xilinx_c-c++_application_(system_debugger)\system_debugger_using_debug_cordic_rotador.elf_on_local.tcl'
10:19:48 INFO  : Disconnected from the channel tcfchan#1.
10:19:50 INFO  : Connected through redirection to target on host 'lseserver.ddns.net' and port '3121'.
10:19:51 WARN  : SDK version '2018.1' doesn't match hw_server version '2023.2'. Some debug features may not work.
10:19:51 INFO  : Jtag cable 'Digilent Arty Z7 003017A4C81CA' is selected.
10:19:52 INFO  : 'jtag frequency' command is executed.
10:19:52 INFO  : Sourcing of 'C:/Users/ktzam/Downloads/CIRCUITOS_LOGICO/20042024/IP_CORE/IP_CORE.sdk/System_wrapper_hw_platform_0/ps7_init.tcl' is done.
10:19:53 INFO  : 'targets -set -filter {jtag_cable_name =~ "Digilent Arty Z7 003017A4C81CA" && level==0} -index 1' command is executed.
10:20:16 INFO  : FPGA configured successfully with bitstream "C:/Users/ktzam/Downloads/CIRCUITOS_LOGICO/20042024/IP_CORE/IP_CORE.sdk/System_wrapper_hw_platform_0/System_wrapper.bit"
10:20:17 INFO  : Context for 'APU' is selected.
10:20:20 INFO  : Hardware design information is loaded from 'C:/Users/ktzam/Downloads/CIRCUITOS_LOGICO/20042024/IP_CORE/IP_CORE.sdk/System_wrapper_hw_platform_0/system.hdf'.
10:20:20 INFO  : 'configparams force-mem-access 1' command is executed.
10:20:20 INFO  : Context for 'APU' is selected.
10:20:22 INFO  : 'stop' command is executed.
10:21:55 INFO  : 'ps7_init' command is executed.
10:21:57 INFO  : 'ps7_post_config' command is executed.
10:21:57 INFO  : Context for processor 'ps7_cortexa9_0' is selected.
10:21:59 INFO  : Processor reset is completed for 'ps7_cortexa9_0'.
10:21:59 INFO  : Context for processor 'ps7_cortexa9_0' is selected.
10:22:01 INFO  : The application 'C:/Users/ktzam/Downloads/CIRCUITOS_LOGICO/20042024/IP_CORE/IP_CORE.sdk/Cordic_rotador/Debug/Cordic_rotador.elf' is downloaded to processor 'ps7_cortexa9_0'.
10:22:01 INFO  : 'configparams force-mem-access 0' command is executed.
10:22:01 INFO  : ----------------XSDB Script----------------
connect -path [list tcp::1534 tcp:lseserver.ddns.net:3121]
source C:/Users/ktzam/Downloads/CIRCUITOS_LOGICO/20042024/IP_CORE/IP_CORE.sdk/System_wrapper_hw_platform_0/ps7_init.tcl
targets -set -filter {jtag_cable_name =~ "Digilent Arty Z7 003017A4C81CA" && level==0} -index 1
fpga -file C:/Users/ktzam/Downloads/CIRCUITOS_LOGICO/20042024/IP_CORE/IP_CORE.sdk/System_wrapper_hw_platform_0/System_wrapper.bit
targets -set -nocase -filter {name =~"APU*" && jtag_cable_name =~ "Digilent Arty Z7 003017A4C81CA"} -index 0
loadhw -hw C:/Users/ktzam/Downloads/CIRCUITOS_LOGICO/20042024/IP_CORE/IP_CORE.sdk/System_wrapper_hw_platform_0/system.hdf -mem-ranges [list {0x40000000 0xbfffffff}]
configparams force-mem-access 1
targets -set -nocase -filter {name =~"APU*" && jtag_cable_name =~ "Digilent Arty Z7 003017A4C81CA"} -index 0
stop
ps7_init
ps7_post_config
targets -set -nocase -filter {name =~ "ARM*#0" && jtag_cable_name =~ "Digilent Arty Z7 003017A4C81CA"} -index 0
rst -processor
targets -set -nocase -filter {name =~ "ARM*#0" && jtag_cable_name =~ "Digilent Arty Z7 003017A4C81CA"} -index 0
dow C:/Users/ktzam/Downloads/CIRCUITOS_LOGICO/20042024/IP_CORE/IP_CORE.sdk/Cordic_rotador/Debug/Cordic_rotador.elf
configparams force-mem-access 0
----------------End of Script----------------

10:22:03 INFO  : Memory regions updated for context APU
10:22:04 INFO  : Context for processor 'ps7_cortexa9_0' is selected.
10:22:04 INFO  : 'con' command is executed.
10:22:04 INFO  : ----------------XSDB Script (After Launch)----------------
targets -set -nocase -filter {name =~ "ARM*#0" && jtag_cable_name =~ "Digilent Arty Z7 003017A4C81CA"} -index 0
con
----------------End of Script----------------

10:22:04 INFO  : Launch script is exported to file 'C:\Users\ktzam\Downloads\CIRCUITOS_LOGICO\20042024\IP_CORE\IP_CORE.sdk\.sdk\launch_scripts\xilinx_c-c++_application_(system_debugger)\system_debugger_using_debug_cordic_rotador.elf_on_local.tcl'
10:43:49 INFO  : Disconnected from the channel tcfchan#2.
10:43:56 INFO  : Connected through redirection to target on host 'lseserver.ddns.net' and port '3121'.
10:43:57 WARN  : SDK version '2018.1' doesn't match hw_server version '2023.2'. Some debug features may not work.
10:43:57 INFO  : Jtag cable 'Digilent Arty Z7 003017A4C81CA' is selected.
10:43:58 INFO  : 'jtag frequency' command is executed.
10:43:58 INFO  : Sourcing of 'C:/Users/ktzam/Downloads/CIRCUITOS_LOGICO/20042024/IP_CORE/IP_CORE.sdk/System_wrapper_hw_platform_0/ps7_init.tcl' is done.
10:43:59 INFO  : 'targets -set -filter {jtag_cable_name =~ "Digilent Arty Z7 003017A4C81CA" && level==0} -index 1' command is executed.
10:44:27 INFO  : FPGA configured successfully with bitstream "C:/Users/ktzam/Downloads/CIRCUITOS_LOGICO/20042024/IP_CORE/IP_CORE.sdk/System_wrapper_hw_platform_0/System_wrapper.bit"
10:44:27 INFO  : Context for 'APU' is selected.
10:44:30 INFO  : Hardware design information is loaded from 'C:/Users/ktzam/Downloads/CIRCUITOS_LOGICO/20042024/IP_CORE/IP_CORE.sdk/System_wrapper_hw_platform_0/system.hdf'.
10:44:30 INFO  : 'configparams force-mem-access 1' command is executed.
10:44:31 INFO  : Context for 'APU' is selected.
10:44:32 INFO  : 'stop' command is executed.
10:46:07 INFO  : 'ps7_init' command is executed.
10:46:09 INFO  : 'ps7_post_config' command is executed.
10:46:09 INFO  : 'configparams force-mem-access 0' command is executed.
10:46:09 INFO  : ----------------XSDB Script----------------
connect -path [list tcp::1534 tcp:lseserver.ddns.net:3121]
source C:/Users/ktzam/Downloads/CIRCUITOS_LOGICO/20042024/IP_CORE/IP_CORE.sdk/System_wrapper_hw_platform_0/ps7_init.tcl
targets -set -filter {jtag_cable_name =~ "Digilent Arty Z7 003017A4C81CA" && level==0} -index 1
fpga -file C:/Users/ktzam/Downloads/CIRCUITOS_LOGICO/20042024/IP_CORE/IP_CORE.sdk/System_wrapper_hw_platform_0/System_wrapper.bit
targets -set -nocase -filter {name =~"APU*" && jtag_cable_name =~ "Digilent Arty Z7 003017A4C81CA"} -index 0
loadhw -hw C:/Users/ktzam/Downloads/CIRCUITOS_LOGICO/20042024/IP_CORE/IP_CORE.sdk/System_wrapper_hw_platform_0/system.hdf -mem-ranges [list {0x40000000 0xbfffffff}]
configparams force-mem-access 1
targets -set -nocase -filter {name =~"APU*" && jtag_cable_name =~ "Digilent Arty Z7 003017A4C81CA"} -index 0
stop
ps7_init
ps7_post_config
configparams force-mem-access 0
----------------End of Script----------------

10:46:11 INFO  : Memory regions updated for context APU
10:46:11 INFO  : Launch script is exported to file 'C:\Users\ktzam\Downloads\CIRCUITOS_LOGICO\20042024\IP_CORE\IP_CORE.sdk\.sdk\launch_scripts\xilinx_c-c++_application_(system_debugger)\system_debugger_using_debug_cordic_rotador.elf_on_local.tcl'
10:49:57 INFO  : Disconnected from the channel tcfchan#3.
10:49:58 INFO  : Connected through redirection to target on host 'lseserver.ddns.net' and port '3121'.
10:49:59 WARN  : SDK version '2018.1' doesn't match hw_server version '2023.2'. Some debug features may not work.
10:50:00 INFO  : Jtag cable 'Digilent Arty Z7 003017A4C81CA' is selected.
10:50:00 INFO  : 'jtag frequency' command is executed.
10:50:00 INFO  : Sourcing of 'C:/Users/ktzam/Downloads/CIRCUITOS_LOGICO/20042024/IP_CORE/IP_CORE.sdk/System_wrapper_hw_platform_0/ps7_init.tcl' is done.
10:50:01 INFO  : 'targets -set -filter {jtag_cable_name =~ "Digilent Arty Z7 003017A4C81CA" && level==0} -index 1' command is executed.
10:50:26 INFO  : FPGA configured successfully with bitstream "C:/Users/ktzam/Downloads/CIRCUITOS_LOGICO/20042024/IP_CORE/IP_CORE.sdk/System_wrapper_hw_platform_0/System_wrapper.bit"
10:50:27 INFO  : Context for 'APU' is selected.
10:50:30 INFO  : Hardware design information is loaded from 'C:/Users/ktzam/Downloads/CIRCUITOS_LOGICO/20042024/IP_CORE/IP_CORE.sdk/System_wrapper_hw_platform_0/system.hdf'.
10:50:30 INFO  : 'configparams force-mem-access 1' command is executed.
10:50:31 INFO  : Context for 'APU' is selected.
10:50:31 INFO  : 'stop' command is executed.
10:52:09 INFO  : 'ps7_init' command is executed.
10:52:11 INFO  : 'ps7_post_config' command is executed.
10:52:11 INFO  : Context for processor 'ps7_cortexa9_0' is selected.
10:52:13 INFO  : Processor reset is completed for 'ps7_cortexa9_0'.
10:52:14 INFO  : Context for processor 'ps7_cortexa9_0' is selected.
10:52:16 INFO  : The application 'C:/Users/ktzam/Downloads/CIRCUITOS_LOGICO/20042024/IP_CORE/IP_CORE.sdk/Cordic_rotador/Debug/Cordic_rotador.elf' is downloaded to processor 'ps7_cortexa9_0'.
10:52:16 INFO  : 'configparams force-mem-access 0' command is executed.
10:52:16 INFO  : ----------------XSDB Script----------------
connect -path [list tcp::1534 tcp:lseserver.ddns.net:3121]
source C:/Users/ktzam/Downloads/CIRCUITOS_LOGICO/20042024/IP_CORE/IP_CORE.sdk/System_wrapper_hw_platform_0/ps7_init.tcl
targets -set -filter {jtag_cable_name =~ "Digilent Arty Z7 003017A4C81CA" && level==0} -index 1
fpga -file C:/Users/ktzam/Downloads/CIRCUITOS_LOGICO/20042024/IP_CORE/IP_CORE.sdk/System_wrapper_hw_platform_0/System_wrapper.bit
targets -set -nocase -filter {name =~"APU*" && jtag_cable_name =~ "Digilent Arty Z7 003017A4C81CA"} -index 0
loadhw -hw C:/Users/ktzam/Downloads/CIRCUITOS_LOGICO/20042024/IP_CORE/IP_CORE.sdk/System_wrapper_hw_platform_0/system.hdf -mem-ranges [list {0x40000000 0xbfffffff}]
configparams force-mem-access 1
targets -set -nocase -filter {name =~"APU*" && jtag_cable_name =~ "Digilent Arty Z7 003017A4C81CA"} -index 0
stop
ps7_init
ps7_post_config
targets -set -nocase -filter {name =~ "ARM*#0" && jtag_cable_name =~ "Digilent Arty Z7 003017A4C81CA"} -index 0
rst -processor
targets -set -nocase -filter {name =~ "ARM*#0" && jtag_cable_name =~ "Digilent Arty Z7 003017A4C81CA"} -index 0
dow C:/Users/ktzam/Downloads/CIRCUITOS_LOGICO/20042024/IP_CORE/IP_CORE.sdk/Cordic_rotador/Debug/Cordic_rotador.elf
configparams force-mem-access 0
----------------End of Script----------------

10:52:18 INFO  : Memory regions updated for context APU
10:52:18 INFO  : Context for processor 'ps7_cortexa9_0' is selected.
10:52:19 INFO  : 'con' command is executed.
10:52:19 INFO  : ----------------XSDB Script (After Launch)----------------
targets -set -nocase -filter {name =~ "ARM*#0" && jtag_cable_name =~ "Digilent Arty Z7 003017A4C81CA"} -index 0
con
----------------End of Script----------------

10:52:19 INFO  : Launch script is exported to file 'C:\Users\ktzam\Downloads\CIRCUITOS_LOGICO\20042024\IP_CORE\IP_CORE.sdk\.sdk\launch_scripts\xilinx_c-c++_application_(system_debugger)\system_debugger_using_debug_cordic_rotador.elf_on_local.tcl'
10:52:45 INFO  : Disconnected from the channel tcfchan#4.
10:52:47 INFO  : Connected through redirection to target on host 'lseserver.ddns.net' and port '3121'.
10:52:48 WARN  : SDK version '2018.1' doesn't match hw_server version '2023.2'. Some debug features may not work.
10:52:48 INFO  : Jtag cable 'Digilent Arty Z7 003017A4C81CA' is selected.
10:52:49 INFO  : 'jtag frequency' command is executed.
10:52:49 INFO  : Sourcing of 'C:/Users/ktzam/Downloads/CIRCUITOS_LOGICO/20042024/IP_CORE/IP_CORE.sdk/System_wrapper_hw_platform_0/ps7_init.tcl' is done.
10:52:50 INFO  : 'targets -set -filter {jtag_cable_name =~ "Digilent Arty Z7 003017A4C81CA" && level==0} -index 1' command is executed.
10:53:14 INFO  : FPGA configured successfully with bitstream "C:/Users/ktzam/Downloads/CIRCUITOS_LOGICO/20042024/IP_CORE/IP_CORE.sdk/System_wrapper_hw_platform_0/System_wrapper.bit"
10:53:14 INFO  : Context for 'APU' is selected.
10:53:17 INFO  : Hardware design information is loaded from 'C:/Users/ktzam/Downloads/CIRCUITOS_LOGICO/20042024/IP_CORE/IP_CORE.sdk/System_wrapper_hw_platform_0/system.hdf'.
10:53:17 INFO  : 'configparams force-mem-access 1' command is executed.
10:53:18 INFO  : Context for 'APU' is selected.
10:53:19 INFO  : 'stop' command is executed.
10:53:20 ERROR : Memory read error at 0xF8007080. AHB AP transaction error, DAP status 0xF0000021
10:53:20 INFO  : ----------------XSDB Script----------------
connect -path [list tcp::1534 tcp:lseserver.ddns.net:3121]
source C:/Users/ktzam/Downloads/CIRCUITOS_LOGICO/20042024/IP_CORE/IP_CORE.sdk/System_wrapper_hw_platform_0/ps7_init.tcl
targets -set -filter {jtag_cable_name =~ "Digilent Arty Z7 003017A4C81CA" && level==0} -index 1
fpga -file C:/Users/ktzam/Downloads/CIRCUITOS_LOGICO/20042024/IP_CORE/IP_CORE.sdk/System_wrapper_hw_platform_0/System_wrapper.bit
targets -set -nocase -filter {name =~"APU*" && jtag_cable_name =~ "Digilent Arty Z7 003017A4C81CA"} -index 0
loadhw -hw C:/Users/ktzam/Downloads/CIRCUITOS_LOGICO/20042024/IP_CORE/IP_CORE.sdk/System_wrapper_hw_platform_0/system.hdf -mem-ranges [list {0x40000000 0xbfffffff}]
configparams force-mem-access 1
targets -set -nocase -filter {name =~"APU*" && jtag_cable_name =~ "Digilent Arty Z7 003017A4C81CA"} -index 0
stop
ps7_init
----------------End of Script----------------

12:25:48 INFO  : Launching XSCT server: xsct.bat -interactive C:\Users\ktzam\Downloads\CIRCUITOS_LOGICO\20042024\IP_CORE\IP_CORE.sdk\temp_xsdb_launch_script.tcl
12:25:48 INFO  : Registering command handlers for SDK TCF services
12:25:51 INFO  : XSCT server has started successfully.
12:25:52 INFO  : Successfully done setting XSCT server connection channel  
12:25:52 INFO  : Successfully done setting SDK workspace  
12:25:52 INFO  : Processing command line option -hwspec C:/Users/ktzam/Downloads/CIRCUITOS_LOGICO/20042024/IP_CORE/IP_CORE.sdk/System_wrapper.hdf.
12:25:52 INFO  : Checking for hwspec changes in the project System_wrapper_hw_platform_0.
